mode: set
core_project/apps/campaign/api/main.go:40.13,46.47 5 0
core_project/apps/campaign/api/main.go:46.47,49.3 2 0
core_project/apps/campaign/api/main.go:50.2,52.40 2 0
core_project/apps/campaign/api/main.go:52.40,55.3 2 0
core_project/apps/campaign/api/main.go:57.2,161.48 52 0
core_project/apps/campaign/api/main.go:161.48,163.3 1 0
core_project/apps/campaign/api/main.go:166.59,170.2 3 1
core_project/apps/campaign/api/main.go:172.56,173.71 1 1
core_project/apps/campaign/api/main.go:173.71,177.3 3 1
core_project/apps/campaign/api/migrations.go:15.28,18.58 2 0
core_project/apps/campaign/api/migrations.go:18.58,20.59 2 0
core_project/apps/campaign/api/migrations.go:20.59,22.4 1 0
core_project/apps/campaign/api/migrations.go:25.2,26.16 2 0
core_project/apps/campaign/api/migrations.go:26.16,28.3 1 0
core_project/apps/campaign/api/migrations.go:30.2,33.16 3 0
core_project/apps/campaign/api/migrations.go:33.16,35.3 1 0
core_project/apps/campaign/api/migrations.go:37.2,37.40 1 0
core_project/apps/campaign/api/repository/db.go:14.39,19.16 3 0
core_project/apps/campaign/api/repository/db.go:19.16,21.3 1 0
core_project/apps/campaign/api/repository/db.go:23.2,23.56 1 0
core_project/apps/campaign/api/repository/db.go:23.56,25.3 1 0
core_project/apps/campaign/api/repository/db.go:27.2,29.12 3 0
core_project/apps/campaign/api/repository/db.go:32.16,33.15 1 1
core_project/apps/campaign/api/repository/db.go:33.15,35.3 1 0
core_project/apps/campaign/api/repository/db.go:39.45,47.2 1 1
core_project/apps/campaign/api/handlers/access.go:25.58,27.20 2 0
core_project/apps/campaign/api/handlers/access.go:27.20,30.3 2 0
core_project/apps/campaign/api/handlers/access.go:32.2,32.18 1 0
core_project/apps/campaign/api/handlers/access.go:33.22,36.17 2 0
core_project/apps/campaign/api/handlers/access.go:36.17,39.4 2 0
core_project/apps/campaign/api/handlers/access.go:40.3,43.19 3 0
core_project/apps/campaign/api/handlers/access.go:43.19,45.77 2 0
core_project/apps/campaign/api/handlers/access.go:45.77,47.5 1 0
core_project/apps/campaign/api/handlers/access.go:50.3,50.19 1 0
core_project/apps/campaign/api/handlers/access.go:50.19,52.4 1 0
core_project/apps/campaign/api/handlers/access.go:54.3,54.71 1 0
core_project/apps/campaign/api/handlers/access.go:56.23,61.62 2 0
core_project/apps/campaign/api/handlers/access.go:61.62,64.4 2 0
core_project/apps/campaign/api/handlers/access.go:66.3,70.17 3 0
core_project/apps/campaign/api/handlers/access.go:70.17,73.4 2 0
core_project/apps/campaign/api/handlers/access.go:75.3,75.118 1 0
core_project/apps/campaign/api/handlers/access.go:77.10,78.93 1 0
core_project/apps/campaign/api/handlers/access.go:82.62,84.20 2 0
core_project/apps/campaign/api/handlers/access.go:84.20,87.3 2 0
core_project/apps/campaign/api/handlers/access.go:89.2,89.32 1 0
core_project/apps/campaign/api/handlers/access.go:89.32,92.17 2 0
core_project/apps/campaign/api/handlers/access.go:92.17,95.4 2 0
core_project/apps/campaign/api/handlers/access.go:96.3,99.19 3 0
core_project/apps/campaign/api/handlers/access.go:99.19,101.89 2 0
core_project/apps/campaign/api/handlers/access.go:101.89,103.5 1 0
core_project/apps/campaign/api/handlers/access.go:106.3,106.18 1 0
core_project/apps/campaign/api/handlers/access.go:106.18,108.4 1 0
core_project/apps/campaign/api/handlers/access.go:110.3,111.9 2 0
core_project/apps/campaign/api/handlers/access.go:114.2,114.92 1 0
core_project/apps/campaign/api/handlers/affiliate.go:15.84,16.33 1 0
core_project/apps/campaign/api/handlers/affiliate.go:16.33,19.3 2 0
core_project/apps/campaign/api/handlers/affiliate.go:21.2,22.20 2 0
core_project/apps/campaign/api/handlers/affiliate.go:22.20,25.3 2 0
core_project/apps/campaign/api/handlers/affiliate.go:27.2,31.87 3 0
core_project/apps/campaign/api/handlers/affiliate.go:31.87,34.3 2 0
core_project/apps/campaign/api/handlers/affiliate.go:36.2,44.16 4 0
core_project/apps/campaign/api/handlers/affiliate.go:44.16,47.3 2 0
core_project/apps/campaign/api/handlers/affiliate.go:50.2,54.16 2 0
core_project/apps/campaign/api/handlers/affiliate.go:54.16,57.3 2 0
core_project/apps/campaign/api/handlers/affiliate.go:59.2,60.99 2 0
core_project/apps/campaign/api/handlers/affiliate.go:64.81,65.32 1 0
core_project/apps/campaign/api/handlers/affiliate.go:65.32,68.3 2 0
core_project/apps/campaign/api/handlers/affiliate.go:70.2,82.16 2 0
core_project/apps/campaign/api/handlers/affiliate.go:82.16,85.3 2 0
core_project/apps/campaign/api/handlers/affiliate.go:86.2,94.18 4 0
core_project/apps/campaign/api/handlers/affiliate.go:94.18,97.79 3 0
core_project/apps/campaign/api/handlers/affiliate.go:97.79,99.22 2 0
core_project/apps/campaign/api/handlers/affiliate.go:99.22,101.5 1 0
core_project/apps/campaign/api/handlers/affiliate.go:101.10,103.5 1 0
core_project/apps/campaign/api/handlers/affiliate.go:104.4,104.32 1 0
core_project/apps/campaign/api/handlers/affiliate.go:108.2,108.72 1 0
core_project/apps/campaign/api/handlers/anomaly.go:12.69,14.20 2 0
core_project/apps/campaign/api/handlers/anomaly.go:14.20,20.3 2 0
core_project/apps/campaign/api/handlers/anomaly.go:22.2,36.40 4 0
core_project/apps/campaign/api/handlers/anomaly.go:36.40,42.3 2 0
core_project/apps/campaign/api/handlers/anomaly.go:45.2,59.40 3 0
core_project/apps/campaign/api/handlers/anomaly.go:59.40,65.3 2 0
core_project/apps/campaign/api/handlers/anomaly.go:70.2,83.40 3 0
core_project/apps/campaign/api/handlers/anomaly.go:83.40,89.3 2 0
core_project/apps/campaign/api/handlers/anomaly.go:91.2,94.4 1 0
core_project/apps/campaign/api/handlers/anomaly.go:99.73,102.18 2 0
core_project/apps/campaign/api/handlers/anomaly.go:102.18,108.3 2 0
core_project/apps/campaign/api/handlers/anomaly.go:110.2,114.16 3 0
core_project/apps/campaign/api/handlers/anomaly.go:114.16,120.3 2 0
core_project/apps/campaign/api/handlers/anomaly.go:121.2,124.18 3 0
core_project/apps/campaign/api/handlers/anomaly.go:124.18,126.41 2 0
core_project/apps/campaign/api/handlers/anomaly.go:126.41,128.4 1 0
core_project/apps/campaign/api/handlers/anomaly.go:131.2,132.35 2 0
core_project/apps/campaign/api/handlers/anomaly.go:132.35,179.3 9 0
core_project/apps/campaign/api/handlers/anomaly.go:181.2,185.4 1 0
core_project/apps/campaign/api/handlers/billing.go:40.93,44.55 4 0
core_project/apps/campaign/api/handlers/billing.go:44.55,46.3 1 0
core_project/apps/campaign/api/handlers/billing.go:48.2,52.16 3 0
core_project/apps/campaign/api/handlers/billing.go:52.16,54.3 1 0
core_project/apps/campaign/api/handlers/billing.go:55.2,55.18 1 0
core_project/apps/campaign/api/handlers/billing.go:55.18,57.3 1 0
core_project/apps/campaign/api/handlers/billing.go:59.2,63.20 5 0
core_project/apps/campaign/api/handlers/billing.go:67.50,69.2 1 0
core_project/apps/campaign/api/handlers/billing.go:71.30,72.35 1 0
core_project/apps/campaign/api/handlers/billing.go:72.35,74.3 1 0
core_project/apps/campaign/api/handlers/billing.go:75.2,75.32 1 0
core_project/apps/campaign/api/handlers/billing.go:89.68,90.33 1 0
core_project/apps/campaign/api/handlers/billing.go:90.33,93.3 2 0
core_project/apps/campaign/api/handlers/billing.go:95.2,96.20 2 0
core_project/apps/campaign/api/handlers/billing.go:96.20,99.3 2 0
core_project/apps/campaign/api/handlers/billing.go:101.2,102.61 2 0
core_project/apps/campaign/api/handlers/billing.go:102.61,105.3 2 0
core_project/apps/campaign/api/handlers/billing.go:107.2,108.9 2 0
core_project/apps/campaign/api/handlers/billing.go:108.9,111.3 2 0
core_project/apps/campaign/api/handlers/billing.go:113.2,114.60 2 0
core_project/apps/campaign/api/handlers/billing.go:114.60,117.3 2 0
core_project/apps/campaign/api/handlers/billing.go:119.2,133.16 5 0
core_project/apps/campaign/api/handlers/billing.go:133.16,136.3 2 0
core_project/apps/campaign/api/handlers/billing.go:138.2,138.72 1 0
core_project/apps/campaign/api/handlers/billing.go:138.72,140.3 1 0
core_project/apps/campaign/api/handlers/billing.go:142.2,145.4 1 0
core_project/apps/campaign/api/handlers/billing.go:148.67,149.19 1 0
core_project/apps/campaign/api/handlers/billing.go:150.23,151.41 1 0
core_project/apps/campaign/api/handlers/billing.go:152.27,153.43 1 0
core_project/apps/campaign/api/handlers/billing.go:154.10,155.18 1 0
core_project/apps/campaign/api/handlers/billing.go:164.96,168.59 2 0
core_project/apps/campaign/api/handlers/billing.go:168.59,170.3 1 0
core_project/apps/campaign/api/handlers/billing.go:172.2,178.3 3 0
core_project/apps/campaign/api/handlers/billing.go:181.84,187.2 3 0
core_project/apps/campaign/api/handlers/billing.go:200.93,202.16 2 0
core_project/apps/campaign/api/handlers/billing.go:202.16,204.3 1 0
core_project/apps/campaign/api/handlers/billing.go:205.2,205.54 1 0
core_project/apps/campaign/api/handlers/billing.go:208.106,210.36 2 0
core_project/apps/campaign/api/handlers/billing.go:210.36,220.3 5 0
core_project/apps/campaign/api/handlers/billing.go:221.2,221.72 1 0
core_project/apps/campaign/api/handlers/billing.go:224.124,237.22 6 0
core_project/apps/campaign/api/handlers/billing.go:237.22,240.3 2 0
core_project/apps/campaign/api/handlers/billing.go:242.2,249.18 4 0
core_project/apps/campaign/api/handlers/billing.go:249.18,251.3 1 0
core_project/apps/campaign/api/handlers/billing.go:252.2,252.74 1 0
core_project/apps/campaign/api/handlers/billing.go:255.31,255.44 1 0
core_project/apps/campaign/api/handlers/billing.go:257.103,263.2 2 0
core_project/apps/campaign/api/handlers/billing.go:266.67,267.33 1 0
core_project/apps/campaign/api/handlers/billing.go:267.33,270.3 2 0
core_project/apps/campaign/api/handlers/billing.go:273.2,273.64 1 0
core_project/apps/campaign/api/handlers/billing.go:273.64,274.43 1 0
core_project/apps/campaign/api/handlers/billing.go:274.43,276.4 1 0
core_project/apps/campaign/api/handlers/billing.go:279.2,287.65 3 0
core_project/apps/campaign/api/handlers/billing.go:287.65,290.3 2 0
core_project/apps/campaign/api/handlers/billing.go:292.2,294.16 3 0
core_project/apps/campaign/api/handlers/billing.go:294.16,297.3 2 0
core_project/apps/campaign/api/handlers/billing.go:298.2,309.16 5 0
core_project/apps/campaign/api/handlers/billing.go:309.16,310.27 1 0
core_project/apps/campaign/api/handlers/billing.go:310.27,312.4 1 0
core_project/apps/campaign/api/handlers/billing.go:312.9,314.4 1 0
core_project/apps/campaign/api/handlers/billing.go:315.3,315.9 1 0
core_project/apps/campaign/api/handlers/billing.go:318.2,327.57 2 0
core_project/apps/campaign/api/handlers/billing.go:330.94,333.68 3 0
core_project/apps/campaign/api/handlers/billing.go:333.68,336.3 2 0
core_project/apps/campaign/api/handlers/billing.go:338.2,340.22 3 0
core_project/apps/campaign/api/handlers/billing.go:340.22,342.22 2 0
core_project/apps/campaign/api/handlers/billing.go:342.22,344.4 1 0
core_project/apps/campaign/api/handlers/billing.go:347.2,347.20 1 0
core_project/apps/campaign/api/handlers/billing.go:347.20,350.62 3 0
core_project/apps/campaign/api/handlers/billing.go:350.62,354.4 3 0
core_project/apps/campaign/api/handlers/billing.go:355.8,355.32 1 0
core_project/apps/campaign/api/handlers/billing.go:355.32,359.50 2 0
core_project/apps/campaign/api/handlers/billing.go:359.50,363.4 3 0
core_project/apps/campaign/api/handlers/billing.go:365.2,365.13 1 0
core_project/apps/campaign/api/handlers/billing.go:378.90,379.16 1 0
core_project/apps/campaign/api/handlers/billing.go:380.25,384.40 4 0
core_project/apps/campaign/api/handlers/billing.go:384.40,386.4 1 0
core_project/apps/campaign/api/handlers/billing.go:387.17,389.40 2 0
core_project/apps/campaign/api/handlers/billing.go:389.40,391.4 1 0
core_project/apps/campaign/api/handlers/billing.go:392.10,393.40 1 0
core_project/apps/campaign/api/handlers/billing.go:393.40,395.4 1 0
core_project/apps/campaign/api/handlers/billing.go:399.100,400.34 1 0
core_project/apps/campaign/api/handlers/billing.go:400.34,402.3 1 0
core_project/apps/campaign/api/handlers/billing.go:405.109,408.25 3 0
core_project/apps/campaign/api/handlers/billing.go:408.25,410.3 1 0
core_project/apps/campaign/api/handlers/billing.go:412.2,415.21 4 0
core_project/apps/campaign/api/handlers/billing.go:415.21,417.3 1 0
core_project/apps/campaign/api/handlers/billing.go:419.2,420.222 2 0
core_project/apps/campaign/api/handlers/blast.go:28.64,30.20 2 0
core_project/apps/campaign/api/handlers/blast.go:30.20,36.3 2 0
core_project/apps/campaign/api/handlers/blast.go:38.2,38.33 1 0
core_project/apps/campaign/api/handlers/blast.go:38.33,41.3 2 0
core_project/apps/campaign/api/handlers/blast.go:43.2,44.61 2 0
core_project/apps/campaign/api/handlers/blast.go:44.61,50.3 2 0
core_project/apps/campaign/api/handlers/blast.go:53.2,54.16 2 0
core_project/apps/campaign/api/handlers/blast.go:54.16,60.3 2 0
core_project/apps/campaign/api/handlers/blast.go:63.2,63.64 1 0
core_project/apps/campaign/api/handlers/blast.go:63.64,69.3 2 0
core_project/apps/campaign/api/handlers/blast.go:71.2,96.16 4 0
core_project/apps/campaign/api/handlers/blast.go:96.16,102.3 2 0
core_project/apps/campaign/api/handlers/blast.go:103.2,106.18 3 0
core_project/apps/campaign/api/handlers/blast.go:106.18,108.58 2 0
core_project/apps/campaign/api/handlers/blast.go:108.58,110.4 1 0
core_project/apps/campaign/api/handlers/blast.go:112.2,112.19 1 0
core_project/apps/campaign/api/handlers/blast.go:112.19,114.3 1 0
core_project/apps/campaign/api/handlers/blast.go:116.2,123.4 1 0
core_project/apps/campaign/api/handlers/blast.go:127.56,128.13 1 0
core_project/apps/campaign/api/handlers/blast.go:128.13,130.3 1 0
core_project/apps/campaign/api/handlers/blast.go:131.2,132.52 2 0
core_project/apps/campaign/api/handlers/blast.go:132.52,133.21 1 0
core_project/apps/campaign/api/handlers/blast.go:133.21,135.4 1 0
core_project/apps/campaign/api/handlers/blast.go:136.3,136.19 1 0
core_project/apps/campaign/api/handlers/blast.go:138.2,138.46 1 0
core_project/apps/campaign/api/handlers/blast.go:138.46,139.12 1 0
core_project/apps/campaign/api/handlers/blast.go:139.12,141.4 1 0
core_project/apps/campaign/api/handlers/blast.go:142.3,142.19 1 0
core_project/apps/campaign/api/handlers/blast.go:144.2,144.78 1 0
core_project/apps/campaign/api/handlers/campaign.go:29.63,31.20 2 1
core_project/apps/campaign/api/handlers/campaign.go:31.20,34.3 2 1
core_project/apps/campaign/api/handlers/campaign.go:36.2,36.18 1 1
core_project/apps/campaign/api/handlers/campaign.go:37.22,40.17 2 0
core_project/apps/campaign/api/handlers/campaign.go:40.17,43.4 2 0
core_project/apps/campaign/api/handlers/campaign.go:44.3,47.19 3 0
core_project/apps/campaign/api/handlers/campaign.go:47.19,49.117 2 0
core_project/apps/campaign/api/handlers/campaign.go:49.117,51.5 1 0
core_project/apps/campaign/api/handlers/campaign.go:54.3,54.24 1 0
core_project/apps/campaign/api/handlers/campaign.go:54.24,56.4 1 0
core_project/apps/campaign/api/handlers/campaign.go:58.3,58.76 1 0
core_project/apps/campaign/api/handlers/campaign.go:60.23,65.62 2 0
core_project/apps/campaign/api/handlers/campaign.go:65.62,68.4 2 0
core_project/apps/campaign/api/handlers/campaign.go:70.3,74.17 3 0
core_project/apps/campaign/api/handlers/campaign.go:74.17,77.4 2 0
core_project/apps/campaign/api/handlers/campaign.go:79.3,79.123 1 0
core_project/apps/campaign/api/handlers/campaign.go:81.10,82.93 1 1
core_project/apps/campaign/api/handlers/campaign.go:86.68,88.20 2 1
core_project/apps/campaign/api/handlers/campaign.go:88.20,91.3 2 1
core_project/apps/campaign/api/handlers/campaign.go:94.2,95.48 2 1
core_project/apps/campaign/api/handlers/campaign.go:95.48,98.3 2 0
core_project/apps/campaign/api/handlers/campaign.go:100.2,101.14 2 1
core_project/apps/campaign/api/handlers/campaign.go:101.14,104.3 2 1
core_project/apps/campaign/api/handlers/campaign.go:106.2,108.16 2 0
core_project/apps/campaign/api/handlers/campaign.go:108.16,111.3 2 0
core_project/apps/campaign/api/handlers/campaign.go:113.2,113.101 1 0
core_project/apps/campaign/api/handlers/campaign.go:116.62,118.20 2 1
core_project/apps/campaign/api/handlers/campaign.go:118.20,121.3 2 1
core_project/apps/campaign/api/handlers/campaign.go:123.2,123.18 1 1
core_project/apps/campaign/api/handlers/campaign.go:124.22,127.17 2 0
core_project/apps/campaign/api/handlers/campaign.go:127.17,130.4 2 0
core_project/apps/campaign/api/handlers/campaign.go:131.3,134.19 3 0
core_project/apps/campaign/api/handlers/campaign.go:134.19,136.96 2 0
core_project/apps/campaign/api/handlers/campaign.go:136.96,138.5 1 0
core_project/apps/campaign/api/handlers/campaign.go:141.3,141.23 1 0
core_project/apps/campaign/api/handlers/campaign.go:141.23,143.4 1 0
core_project/apps/campaign/api/handlers/campaign.go:145.3,145.75 1 0
core_project/apps/campaign/api/handlers/campaign.go:147.23,153.62 2 0
core_project/apps/campaign/api/handlers/campaign.go:153.62,156.4 2 0
core_project/apps/campaign/api/handlers/campaign.go:158.3,162.17 3 0
core_project/apps/campaign/api/handlers/campaign.go:162.17,165.4 2 0
core_project/apps/campaign/api/handlers/campaign.go:167.3,167.122 1 0
core_project/apps/campaign/api/handlers/campaign.go:169.10,170.93 1 1
core_project/apps/campaign/api/handlers/config.go:9.37,11.2 1 0
core_project/apps/campaign/api/handlers/coordinator.go:33.70,35.20 2 0
core_project/apps/campaign/api/handlers/coordinator.go:35.20,38.3 2 0
core_project/apps/campaign/api/handlers/coordinator.go:40.2,41.61 2 0
core_project/apps/campaign/api/handlers/coordinator.go:41.61,44.3 2 0
core_project/apps/campaign/api/handlers/coordinator.go:47.2,47.108 1 0
core_project/apps/campaign/api/handlers/coordinator.go:47.108,50.3 2 0
core_project/apps/campaign/api/handlers/coordinator.go:52.2,58.34 4 0
core_project/apps/campaign/api/handlers/coordinator.go:58.34,61.3 2 0
core_project/apps/campaign/api/handlers/coordinator.go:64.2,68.35 3 0
core_project/apps/campaign/api/handlers/coordinator.go:68.35,71.3 2 0
core_project/apps/campaign/api/handlers/coordinator.go:75.2,75.83 1 0
core_project/apps/campaign/api/handlers/coordinator.go:75.83,78.3 2 0
core_project/apps/campaign/api/handlers/coordinator.go:81.2,91.16 3 0
core_project/apps/campaign/api/handlers/coordinator.go:91.16,94.3 2 0
core_project/apps/campaign/api/handlers/coordinator.go:96.2,96.130 1 0
core_project/apps/campaign/api/handlers/coordinator.go:100.69,102.20 2 0
core_project/apps/campaign/api/handlers/coordinator.go:102.20,105.3 2 0
core_project/apps/campaign/api/handlers/coordinator.go:107.2,115.35 6 0
core_project/apps/campaign/api/handlers/coordinator.go:115.35,119.3 1 0
core_project/apps/campaign/api/handlers/coordinator.go:119.8,119.24 1 0
core_project/apps/campaign/api/handlers/coordinator.go:119.24,123.3 1 0
core_project/apps/campaign/api/handlers/coordinator.go:123.8,127.3 1 0
core_project/apps/campaign/api/handlers/coordinator.go:129.2,129.16 1 0
core_project/apps/campaign/api/handlers/coordinator.go:129.16,132.3 2 0
core_project/apps/campaign/api/handlers/coordinator.go:133.2,136.18 3 0
core_project/apps/campaign/api/handlers/coordinator.go:136.18,139.117 3 0
core_project/apps/campaign/api/handlers/coordinator.go:139.117,142.4 2 0
core_project/apps/campaign/api/handlers/coordinator.go:145.2,145.77 1 0
core_project/apps/campaign/api/handlers/coordinator.go:149.73,151.20 2 0
core_project/apps/campaign/api/handlers/coordinator.go:151.20,154.3 2 0
core_project/apps/campaign/api/handlers/coordinator.go:157.2,159.22 3 0
core_project/apps/campaign/api/handlers/coordinator.go:159.22,162.3 2 0
core_project/apps/campaign/api/handlers/coordinator.go:164.2,181.22 6 0
core_project/apps/campaign/api/handlers/coordinator.go:181.22,188.3 1 0
core_project/apps/campaign/api/handlers/coordinator.go:188.8,195.3 1 0
core_project/apps/campaign/api/handlers/coordinator.go:197.2,197.16 1 0
core_project/apps/campaign/api/handlers/coordinator.go:197.16,200.3 2 0
core_project/apps/campaign/api/handlers/coordinator.go:201.2,203.18 2 0
core_project/apps/campaign/api/handlers/coordinator.go:203.18,206.97 3 0
core_project/apps/campaign/api/handlers/coordinator.go:206.97,209.4 2 0
core_project/apps/campaign/api/handlers/coordinator.go:212.2,212.74 1 0
core_project/apps/campaign/api/handlers/coordinator.go:216.75,226.9 3 0
core_project/apps/campaign/api/handlers/coordinator.go:226.9,228.3 1 0
core_project/apps/campaign/api/handlers/coordinator.go:230.2,232.27 3 0
core_project/apps/campaign/api/handlers/coordinator.go:232.27,234.3 1 0
core_project/apps/campaign/api/handlers/coordinator.go:235.2,235.12 1 0
core_project/apps/campaign/api/handlers/coordinator.go:239.76,245.16 3 0
core_project/apps/campaign/api/handlers/coordinator.go:245.16,247.3 1 0
core_project/apps/campaign/api/handlers/coordinator.go:248.2,248.15 1 0
core_project/apps/campaign/api/handlers/cross_level_handlers.go:13.73,15.20 2 0
core_project/apps/campaign/api/handlers/cross_level_handlers.go:15.20,18.3 2 0
core_project/apps/campaign/api/handlers/cross_level_handlers.go:20.2,20.32 1 0
core_project/apps/campaign/api/handlers/cross_level_handlers.go:20.32,23.3 2 0
core_project/apps/campaign/api/handlers/cross_level_handlers.go:26.2,27.24 2 0
core_project/apps/campaign/api/handlers/cross_level_handlers.go:27.24,29.3 1 0
core_project/apps/campaign/api/handlers/cross_level_handlers.go:31.2,32.32 2 0
core_project/apps/campaign/api/handlers/cross_level_handlers.go:32.32,41.3 1 0
core_project/apps/campaign/api/handlers/cross_level_handlers.go:41.8,50.3 1 0
core_project/apps/campaign/api/handlers/cross_level_handlers.go:52.2,53.16 2 0
core_project/apps/campaign/api/handlers/cross_level_handlers.go:53.16,56.3 2 0
core_project/apps/campaign/api/handlers/cross_level_handlers.go:57.2,60.18 3 0
core_project/apps/campaign/api/handlers/cross_level_handlers.go:60.18,63.73 3 0
core_project/apps/campaign/api/handlers/cross_level_handlers.go:63.73,65.28 2 0
core_project/apps/campaign/api/handlers/cross_level_handlers.go:65.28,67.5 1 0
core_project/apps/campaign/api/handlers/cross_level_handlers.go:68.4,73.6 1 0
core_project/apps/campaign/api/handlers/cross_level_handlers.go:77.2,77.22 1 0
core_project/apps/campaign/api/handlers/cross_level_handlers.go:77.22,79.3 1 0
core_project/apps/campaign/api/handlers/cross_level_handlers.go:81.2,81.74 1 0
core_project/apps/campaign/api/handlers/cross_level_handlers.go:84.75,86.20 2 0
core_project/apps/campaign/api/handlers/cross_level_handlers.go:86.20,89.3 2 0
core_project/apps/campaign/api/handlers/cross_level_handlers.go:91.2,91.32 1 0
core_project/apps/campaign/api/handlers/cross_level_handlers.go:91.32,94.3 2 0
core_project/apps/campaign/api/handlers/cross_level_handlers.go:97.2,98.26 2 0
core_project/apps/campaign/api/handlers/cross_level_handlers.go:98.26,101.3 2 0
core_project/apps/campaign/api/handlers/cross_level_handlers.go:103.2,113.16 3 0
core_project/apps/campaign/api/handlers/cross_level_handlers.go:113.16,116.3 2 0
core_project/apps/campaign/api/handlers/cross_level_handlers.go:117.2,120.18 3 0
core_project/apps/campaign/api/handlers/cross_level_handlers.go:120.18,122.60 2 0
core_project/apps/campaign/api/handlers/cross_level_handlers.go:122.60,128.4 1 0
core_project/apps/campaign/api/handlers/cross_level_handlers.go:131.2,131.20 1 0
core_project/apps/campaign/api/handlers/cross_level_handlers.go:131.20,133.3 1 0
core_project/apps/campaign/api/handlers/cross_level_handlers.go:135.2,139.4 1 0
core_project/apps/campaign/api/handlers/endorsement_handlers.go:18.37,19.31 1 0
core_project/apps/campaign/api/handlers/endorsement_handlers.go:19.31,21.3 1 0
core_project/apps/campaign/api/handlers/endorsement_handlers.go:22.2,22.22 1 0
core_project/apps/campaign/api/handlers/endorsement_handlers.go:25.99,27.16 2 0
core_project/apps/campaign/api/handlers/endorsement_handlers.go:27.16,29.3 1 0
core_project/apps/campaign/api/handlers/endorsement_handlers.go:30.2,32.18 2 0
core_project/apps/campaign/api/handlers/endorsement_handlers.go:32.18,34.47 2 0
core_project/apps/campaign/api/handlers/endorsement_handlers.go:34.47,35.23 1 0
core_project/apps/campaign/api/handlers/endorsement_handlers.go:35.23,37.5 1 0
core_project/apps/campaign/api/handlers/endorsement_handlers.go:38.4,38.30 1 0
core_project/apps/campaign/api/handlers/endorsement_handlers.go:41.2,41.11 1 0
core_project/apps/campaign/api/handlers/endorsement_handlers.go:46.65,48.20 2 0
core_project/apps/campaign/api/handlers/endorsement_handlers.go:48.20,51.3 2 0
core_project/apps/campaign/api/handlers/endorsement_handlers.go:53.2,53.33 1 0
core_project/apps/campaign/api/handlers/endorsement_handlers.go:53.33,56.3 2 0
core_project/apps/campaign/api/handlers/endorsement_handlers.go:58.2,67.61 2 0
core_project/apps/campaign/api/handlers/endorsement_handlers.go:67.61,70.3 2 0
core_project/apps/campaign/api/handlers/endorsement_handlers.go:72.2,72.61 1 0
core_project/apps/campaign/api/handlers/endorsement_handlers.go:72.61,75.3 2 0
core_project/apps/campaign/api/handlers/endorsement_handlers.go:77.2,81.16 4 0
core_project/apps/campaign/api/handlers/endorsement_handlers.go:81.16,84.3 2 0
core_project/apps/campaign/api/handlers/endorsement_handlers.go:85.2,90.16 4 0
core_project/apps/campaign/api/handlers/endorsement_handlers.go:90.16,92.3 1 0
core_project/apps/campaign/api/handlers/endorsement_handlers.go:95.2,100.16 2 0
core_project/apps/campaign/api/handlers/endorsement_handlers.go:100.16,103.3 2 0
core_project/apps/campaign/api/handlers/endorsement_handlers.go:105.2,107.16 3 0
core_project/apps/campaign/api/handlers/endorsement_handlers.go:107.16,110.3 2 0
core_project/apps/campaign/api/handlers/endorsement_handlers.go:113.2,113.34 1 0
core_project/apps/campaign/api/handlers/endorsement_handlers.go:113.34,114.92 1 0
core_project/apps/campaign/api/handlers/endorsement_handlers.go:114.92,116.4 1 0
core_project/apps/campaign/api/handlers/endorsement_handlers.go:119.2,120.27 2 0
core_project/apps/campaign/api/handlers/endorsement_handlers.go:120.27,122.3 1 0
core_project/apps/campaign/api/handlers/endorsement_handlers.go:124.2,131.16 3 0
core_project/apps/campaign/api/handlers/endorsement_handlers.go:131.16,135.3 3 0
core_project/apps/campaign/api/handlers/endorsement_handlers.go:137.2,137.39 1 0
core_project/apps/campaign/api/handlers/endorsement_handlers.go:137.39,140.3 2 0
core_project/apps/campaign/api/handlers/endorsement_handlers.go:142.2,151.4 1 0
core_project/apps/campaign/api/handlers/event.go:21.59,23.20 2 0
core_project/apps/campaign/api/handlers/event.go:23.20,26.3 2 0
core_project/apps/campaign/api/handlers/event.go:28.2,28.18 1 0
core_project/apps/campaign/api/handlers/event.go:29.22,30.26 1 0
core_project/apps/campaign/api/handlers/event.go:31.23,32.30 1 0
core_project/apps/campaign/api/handlers/event.go:33.10,34.93 1 0
core_project/apps/campaign/api/handlers/event.go:38.57,41.16 2 0
core_project/apps/campaign/api/handlers/event.go:41.16,44.3 2 0
core_project/apps/campaign/api/handlers/event.go:45.2,48.18 3 0
core_project/apps/campaign/api/handlers/event.go:48.18,50.93 2 0
core_project/apps/campaign/api/handlers/event.go:50.93,52.4 1 0
core_project/apps/campaign/api/handlers/event.go:54.2,54.71 1 0
core_project/apps/campaign/api/handlers/event.go:57.75,64.61 2 0
core_project/apps/campaign/api/handlers/event.go:64.61,67.3 2 0
core_project/apps/campaign/api/handlers/event.go:69.2,73.16 3 0
core_project/apps/campaign/api/handlers/event.go:73.16,76.3 2 0
core_project/apps/campaign/api/handlers/event.go:77.2,77.118 1 0
core_project/apps/campaign/api/handlers/faq.go:31.59,33.20 2 0
core_project/apps/campaign/api/handlers/faq.go:33.20,39.3 2 0
core_project/apps/campaign/api/handlers/faq.go:41.2,41.33 1 0
core_project/apps/campaign/api/handlers/faq.go:41.33,44.3 2 0
core_project/apps/campaign/api/handlers/faq.go:46.2,47.61 2 0
core_project/apps/campaign/api/handlers/faq.go:47.61,53.3 2 0
core_project/apps/campaign/api/handlers/faq.go:55.2,55.24 1 0
core_project/apps/campaign/api/handlers/faq.go:55.24,61.3 2 0
core_project/apps/campaign/api/handlers/faq.go:63.2,67.16 3 0
core_project/apps/campaign/api/handlers/faq.go:67.16,80.3 4 0
core_project/apps/campaign/api/handlers/faq.go:83.2,84.16 2 0
core_project/apps/campaign/api/handlers/faq.go:84.16,87.3 2 0
core_project/apps/campaign/api/handlers/faq.go:90.2,99.4 2 0
core_project/apps/campaign/api/handlers/faq.go:103.56,105.70 2 0
core_project/apps/campaign/api/handlers/faq.go:105.70,107.3 1 0
core_project/apps/campaign/api/handlers/faq.go:109.2,115.16 3 0
core_project/apps/campaign/api/handlers/faq.go:115.16,117.3 1 0
core_project/apps/campaign/api/handlers/faq.go:118.2,121.16 3 0
core_project/apps/campaign/api/handlers/faq.go:121.16,123.3 1 0
core_project/apps/campaign/api/handlers/faq.go:124.2,126.38 2 0
core_project/apps/campaign/api/handlers/faq.go:126.38,129.3 2 0
core_project/apps/campaign/api/handlers/faq.go:131.2,136.70 2 0
core_project/apps/campaign/api/handlers/faq.go:136.70,138.3 1 0
core_project/apps/campaign/api/handlers/faq.go:139.2,139.30 1 0
core_project/apps/campaign/api/handlers/faq.go:139.30,141.3 1 0
core_project/apps/campaign/api/handlers/faq.go:142.2,142.41 1 0
core_project/apps/campaign/api/handlers/faq.go:147.122,161.16 4 0
core_project/apps/campaign/api/handlers/faq.go:161.16,163.3 1 0
core_project/apps/campaign/api/handlers/faq.go:164.2,167.18 3 0
core_project/apps/campaign/api/handlers/faq.go:167.18,171.98 4 0
core_project/apps/campaign/api/handlers/faq.go:171.98,179.4 1 0
core_project/apps/campaign/api/handlers/faq.go:181.2,181.20 1 0
core_project/apps/campaign/api/handlers/faq.go:181.20,183.3 1 0
core_project/apps/campaign/api/handlers/faq.go:184.2,184.21 1 0
core_project/apps/campaign/api/handlers/faq.go:188.113,197.16 3 0
core_project/apps/campaign/api/handlers/faq.go:197.16,199.3 1 0
core_project/apps/campaign/api/handlers/faq.go:200.2,203.18 3 0
core_project/apps/campaign/api/handlers/faq.go:203.18,205.58 2 0
core_project/apps/campaign/api/handlers/faq.go:205.58,212.4 1 0
core_project/apps/campaign/api/handlers/faq.go:214.2,214.20 1 0
core_project/apps/campaign/api/handlers/faq.go:214.20,216.3 1 0
core_project/apps/campaign/api/handlers/faq.go:217.2,217.21 1 0
core_project/apps/campaign/api/handlers/faq.go:223.82,224.23 1 0
core_project/apps/campaign/api/handlers/faq.go:224.23,226.3 1 0
core_project/apps/campaign/api/handlers/faq.go:228.2,232.17 4 0
core_project/apps/campaign/api/handlers/faq.go:232.17,234.3 1 0
core_project/apps/campaign/api/handlers/faq.go:236.2,236.19 1 0
core_project/apps/campaign/api/handlers/faq.go:236.19,238.3 1 0
core_project/apps/campaign/api/handlers/faq.go:240.2,240.78 1 0
core_project/apps/campaign/api/handlers/faq.go:243.43,246.22 2 0
core_project/apps/campaign/api/handlers/faq.go:246.22,247.12 1 0
core_project/apps/campaign/api/handlers/faq.go:247.12,249.4 1 0
core_project/apps/campaign/api/handlers/faq.go:250.3,250.28 1 0
core_project/apps/campaign/api/handlers/faq.go:252.2,253.21 2 0
core_project/apps/campaign/api/handlers/faq.go:256.41,257.19 1 0
core_project/apps/campaign/api/handlers/faq.go:257.19,259.3 1 0
core_project/apps/campaign/api/handlers/faq.go:260.2,260.24 1 0
core_project/apps/campaign/api/handlers/finance.go:35.68,37.20 2 0
core_project/apps/campaign/api/handlers/finance.go:37.20,40.3 2 0
core_project/apps/campaign/api/handlers/finance.go:42.2,45.32 2 0
core_project/apps/campaign/api/handlers/finance.go:45.32,47.23 2 0
core_project/apps/campaign/api/handlers/finance.go:47.23,50.4 2 0
core_project/apps/campaign/api/handlers/finance.go:52.3,59.28 6 0
core_project/apps/campaign/api/handlers/finance.go:59.28,61.4 1 0
core_project/apps/campaign/api/handlers/finance.go:63.3,71.9 2 0
core_project/apps/campaign/api/handlers/finance.go:75.2,75.33 1 0
core_project/apps/campaign/api/handlers/finance.go:75.33,77.62 2 0
core_project/apps/campaign/api/handlers/finance.go:77.62,80.4 2 0
core_project/apps/campaign/api/handlers/finance.go:82.3,93.17 4 0
core_project/apps/campaign/api/handlers/finance.go:93.17,96.4 2 0
core_project/apps/campaign/api/handlers/finance.go:99.3,102.13 2 0
core_project/apps/campaign/api/handlers/finance.go:102.13,104.4 1 0
core_project/apps/campaign/api/handlers/finance.go:106.3,110.9 2 0
core_project/apps/campaign/api/handlers/finance.go:113.2,113.92 1 0
core_project/apps/campaign/api/handlers/finance.go:117.103,119.70 2 0
core_project/apps/campaign/api/handlers/finance.go:119.70,121.3 1 0
core_project/apps/campaign/api/handlers/finance.go:123.2,133.16 4 0
core_project/apps/campaign/api/handlers/finance.go:133.16,136.3 2 0
core_project/apps/campaign/api/handlers/finance.go:137.2,141.16 4 0
core_project/apps/campaign/api/handlers/finance.go:141.16,144.3 2 0
core_project/apps/campaign/api/handlers/finance.go:145.2,147.38 2 0
core_project/apps/campaign/api/handlers/finance.go:147.38,149.3 1 0
core_project/apps/campaign/api/handlers/finance.go:153.86,159.16 3 0
core_project/apps/campaign/api/handlers/finance.go:159.16,161.3 1 0
core_project/apps/campaign/api/handlers/finance.go:163.2,168.16 3 0
core_project/apps/campaign/api/handlers/finance.go:168.16,170.3 1 0
core_project/apps/campaign/api/handlers/finance.go:172.2,173.27 2 0
core_project/apps/campaign/api/handlers/finance.go:173.27,175.3 1 0
core_project/apps/campaign/api/handlers/finance.go:177.2,177.37 1 0
core_project/apps/campaign/api/handlers/finance.go:177.37,186.17 4 0
core_project/apps/campaign/api/handlers/finance.go:186.17,188.4 1 0
core_project/apps/campaign/api/handlers/finance.go:191.2,191.12 1 0
core_project/apps/campaign/api/handlers/fraud.go:23.65,25.20 2 0
core_project/apps/campaign/api/handlers/fraud.go:25.20,28.3 2 0
core_project/apps/campaign/api/handlers/fraud.go:30.2,30.18 1 0
core_project/apps/campaign/api/handlers/fraud.go:31.22,32.34 1 0
core_project/apps/campaign/api/handlers/fraud.go:33.23,34.36 1 0
core_project/apps/campaign/api/handlers/fraud.go:35.10,36.93 1 0
core_project/apps/campaign/api/handlers/fraud.go:40.79,42.22 2 0
core_project/apps/campaign/api/handlers/fraud.go:42.22,45.3 2 0
core_project/apps/campaign/api/handlers/fraud.go:47.2,54.16 3 0
core_project/apps/campaign/api/handlers/fraud.go:54.16,57.3 2 0
core_project/apps/campaign/api/handlers/fraud.go:58.2,61.18 3 0
core_project/apps/campaign/api/handlers/fraud.go:61.18,65.96 3 0
core_project/apps/campaign/api/handlers/fraud.go:65.96,76.4 1 0
core_project/apps/campaign/api/handlers/fraud.go:78.2,78.20 1 0
core_project/apps/campaign/api/handlers/fraud.go:78.20,80.3 1 0
core_project/apps/campaign/api/handlers/fraud.go:82.2,82.72 1 0
core_project/apps/campaign/api/handlers/fraud.go:85.81,87.61 2 0
core_project/apps/campaign/api/handlers/fraud.go:87.61,90.3 2 0
core_project/apps/campaign/api/handlers/fraud.go:92.2,92.61 1 0
core_project/apps/campaign/api/handlers/fraud.go:92.61,95.3 2 0
core_project/apps/campaign/api/handlers/fraud.go:97.2,108.16 4 0
core_project/apps/campaign/api/handlers/fraud.go:108.16,111.3 2 0
core_project/apps/campaign/api/handlers/fraud.go:113.2,117.4 1 0
core_project/apps/campaign/api/handlers/gamification.go:11.76,13.20 2 0
core_project/apps/campaign/api/handlers/gamification.go:13.20,19.3 2 0
core_project/apps/campaign/api/handlers/gamification.go:21.2,32.16 4 0
core_project/apps/campaign/api/handlers/gamification.go:32.16,38.3 2 0
core_project/apps/campaign/api/handlers/gamification.go:39.2,46.18 4 0
core_project/apps/campaign/api/handlers/gamification.go:46.18,48.54 2 0
core_project/apps/campaign/api/handlers/gamification.go:48.54,50.4 1 0
core_project/apps/campaign/api/handlers/gamification.go:53.2,56.4 1 0
core_project/apps/campaign/api/handlers/ktp_scan_handlers.go:13.60,15.20 2 0
core_project/apps/campaign/api/handlers/ktp_scan_handlers.go:15.20,18.3 2 0
core_project/apps/campaign/api/handlers/ktp_scan_handlers.go:20.2,20.33 1 0
core_project/apps/campaign/api/handlers/ktp_scan_handlers.go:20.33,23.3 2 0
core_project/apps/campaign/api/handlers/ktp_scan_handlers.go:25.2,29.61 2 0
core_project/apps/campaign/api/handlers/ktp_scan_handlers.go:29.61,32.3 2 0
core_project/apps/campaign/api/handlers/ktp_scan_handlers.go:35.2,42.16 4 0
core_project/apps/campaign/api/handlers/ktp_scan_handlers.go:42.16,45.3 2 0
core_project/apps/campaign/api/handlers/ktp_scan_handlers.go:46.2,56.25 4 0
core_project/apps/campaign/api/handlers/ktp_scan_handlers.go:56.25,59.3 2 0
core_project/apps/campaign/api/handlers/ktp_scan_handlers.go:62.2,69.79 2 0
core_project/apps/campaign/api/handlers/ktp_scan_handlers.go:69.79,72.3 2 0
core_project/apps/campaign/api/handlers/ktp_scan_handlers.go:75.2,77.16 3 0
core_project/apps/campaign/api/handlers/ktp_scan_handlers.go:77.16,80.3 2 0
core_project/apps/campaign/api/handlers/ktp_scan_handlers.go:81.2,94.16 5 0
core_project/apps/campaign/api/handlers/ktp_scan_handlers.go:94.16,97.3 2 0
core_project/apps/campaign/api/handlers/ktp_scan_handlers.go:100.2,105.16 3 0
core_project/apps/campaign/api/handlers/ktp_scan_handlers.go:105.16,108.3 2 0
core_project/apps/campaign/api/handlers/ktp_scan_handlers.go:110.2,110.39 1 0
core_project/apps/campaign/api/handlers/ktp_scan_handlers.go:110.39,113.3 2 0
core_project/apps/campaign/api/handlers/ktp_scan_handlers.go:115.2,119.4 1 0
core_project/apps/campaign/api/handlers/license.go:16.78,17.33 1 0
core_project/apps/campaign/api/handlers/license.go:17.33,20.3 2 0
core_project/apps/campaign/api/handlers/license.go:22.2,32.61 3 0
core_project/apps/campaign/api/handlers/license.go:32.61,35.3 2 0
core_project/apps/campaign/api/handlers/license.go:37.2,47.16 5 0
core_project/apps/campaign/api/handlers/license.go:47.16,51.3 3 0
core_project/apps/campaign/api/handlers/license.go:53.2,58.4 2 0
core_project/apps/campaign/api/handlers/license.go:63.65,64.32 1 0
core_project/apps/campaign/api/handlers/license.go:64.32,67.3 2 0
core_project/apps/campaign/api/handlers/license.go:69.2,72.20 4 0
core_project/apps/campaign/api/handlers/license.go:72.20,74.80 2 0
core_project/apps/campaign/api/handlers/license.go:74.80,76.4 1 0
core_project/apps/campaign/api/handlers/license.go:79.2,91.16 4 0
core_project/apps/campaign/api/handlers/license.go:91.16,94.3 2 0
core_project/apps/campaign/api/handlers/license.go:95.2,111.18 4 0
core_project/apps/campaign/api/handlers/license.go:111.18,116.103 4 0
core_project/apps/campaign/api/handlers/license.go:116.103,120.4 3 0
core_project/apps/campaign/api/handlers/license.go:122.2,122.21 1 0
core_project/apps/campaign/api/handlers/license.go:122.21,124.3 1 0
core_project/apps/campaign/api/handlers/license.go:126.2,129.4 1 0
core_project/apps/campaign/api/handlers/license.go:134.71,136.20 2 0
core_project/apps/campaign/api/handlers/license.go:136.20,139.3 2 0
core_project/apps/campaign/api/handlers/license.go:141.2,141.32 1 0
core_project/apps/campaign/api/handlers/license.go:141.32,144.3 2 0
core_project/apps/campaign/api/handlers/license.go:146.2,147.22 2 0
core_project/apps/campaign/api/handlers/license.go:147.22,150.3 2 0
core_project/apps/campaign/api/handlers/license.go:152.2,162.16 6 0
core_project/apps/campaign/api/handlers/license.go:162.16,165.3 2 0
core_project/apps/campaign/api/handlers/license.go:167.2,176.4 1 0
core_project/apps/campaign/api/handlers/license.go:180.66,182.20 2 0
core_project/apps/campaign/api/handlers/license.go:182.20,185.3 2 0
core_project/apps/campaign/api/handlers/license.go:187.2,187.33 1 0
core_project/apps/campaign/api/handlers/license.go:187.33,190.3 2 0
core_project/apps/campaign/api/handlers/license.go:192.2,197.61 3 0
core_project/apps/campaign/api/handlers/license.go:197.61,200.3 2 0
core_project/apps/campaign/api/handlers/license.go:202.2,212.16 6 0
core_project/apps/campaign/api/handlers/license.go:212.16,216.3 3 0
core_project/apps/campaign/api/handlers/license.go:218.2,218.12 1 0
core_project/apps/campaign/api/handlers/license.go:218.12,222.3 3 0
core_project/apps/campaign/api/handlers/license.go:224.2,225.16 2 0
core_project/apps/campaign/api/handlers/license.go:225.16,228.3 2 0
core_project/apps/campaign/api/handlers/license.go:229.2,242.16 3 0
core_project/apps/campaign/api/handlers/license.go:242.16,246.3 3 0
core_project/apps/campaign/api/handlers/license.go:249.2,254.16 2 0
core_project/apps/campaign/api/handlers/license.go:254.16,257.3 2 0
core_project/apps/campaign/api/handlers/license.go:259.2,265.4 3 0
core_project/apps/campaign/api/handlers/logistics.go:33.62,35.20 2 0
core_project/apps/campaign/api/handlers/logistics.go:35.20,38.3 2 0
core_project/apps/campaign/api/handlers/logistics.go:40.2,40.18 1 0
core_project/apps/campaign/api/handlers/logistics.go:41.22,42.36 1 0
core_project/apps/campaign/api/handlers/logistics.go:43.23,44.37 1 0
core_project/apps/campaign/api/handlers/logistics.go:45.10,46.93 1 0
core_project/apps/campaign/api/handlers/logistics.go:50.81,56.16 3 0
core_project/apps/campaign/api/handlers/logistics.go:56.16,59.3 2 0
core_project/apps/campaign/api/handlers/logistics.go:60.2,63.18 3 0
core_project/apps/campaign/api/handlers/logistics.go:63.18,66.73 3 0
core_project/apps/campaign/api/handlers/logistics.go:66.73,74.4 1 0
core_project/apps/campaign/api/handlers/logistics.go:76.2,76.18 1 0
core_project/apps/campaign/api/handlers/logistics.go:76.18,78.3 1 0
core_project/apps/campaign/api/handlers/logistics.go:79.2,79.70 1 0
core_project/apps/campaign/api/handlers/logistics.go:82.82,84.61 2 0
core_project/apps/campaign/api/handlers/logistics.go:84.61,87.3 2 0
core_project/apps/campaign/api/handlers/logistics.go:89.2,96.16 5 0
core_project/apps/campaign/api/handlers/logistics.go:96.16,99.3 2 0
core_project/apps/campaign/api/handlers/logistics.go:101.2,101.100 1 0
core_project/apps/campaign/api/handlers/logistics.go:104.72,105.33 1 0
core_project/apps/campaign/api/handlers/logistics.go:105.33,108.3 2 0
core_project/apps/campaign/api/handlers/logistics.go:110.2,111.61 2 0
core_project/apps/campaign/api/handlers/logistics.go:111.61,114.3 2 0
core_project/apps/campaign/api/handlers/logistics.go:116.2,121.16 4 0
core_project/apps/campaign/api/handlers/logistics.go:121.16,124.3 2 0
core_project/apps/campaign/api/handlers/logistics.go:126.2,126.26 1 0
core_project/apps/campaign/api/handlers/logistics.go:126.26,129.3 2 0
core_project/apps/campaign/api/handlers/logistics.go:132.2,139.29 3 0
core_project/apps/campaign/api/handlers/logistics.go:139.29,141.3 1 0
core_project/apps/campaign/api/handlers/logistics.go:143.2,150.16 3 0
core_project/apps/campaign/api/handlers/logistics.go:150.16,153.3 2 0
core_project/apps/campaign/api/handlers/logistics.go:156.2,164.4 2 0
core_project/apps/campaign/api/handlers/logistics.go:169.73,171.20 2 0
core_project/apps/campaign/api/handlers/logistics.go:171.20,174.3 2 0
core_project/apps/campaign/api/handlers/logistics.go:176.2,177.51 2 0
core_project/apps/campaign/api/handlers/logistics.go:177.51,179.3 1 0
core_project/apps/campaign/api/handlers/logistics.go:181.2,197.16 4 0
core_project/apps/campaign/api/handlers/logistics.go:197.16,200.3 2 0
core_project/apps/campaign/api/handlers/logistics.go:201.2,204.18 3 0
core_project/apps/campaign/api/handlers/logistics.go:204.18,208.131 4 0
core_project/apps/campaign/api/handlers/logistics.go:208.131,221.4 1 0
core_project/apps/campaign/api/handlers/logistics.go:224.2,224.20 1 0
core_project/apps/campaign/api/handlers/logistics.go:224.20,226.3 1 0
core_project/apps/campaign/api/handlers/logistics.go:228.2,235.4 1 0
core_project/apps/campaign/api/handlers/notification.go:20.66,22.20 2 0
core_project/apps/campaign/api/handlers/notification.go:22.20,25.3 2 0
core_project/apps/campaign/api/handlers/notification.go:27.2,27.18 1 0
core_project/apps/campaign/api/handlers/notification.go:28.22,29.33 1 0
core_project/apps/campaign/api/handlers/notification.go:30.23,31.37 1 0
core_project/apps/campaign/api/handlers/notification.go:32.10,33.93 1 0
core_project/apps/campaign/api/handlers/notification.go:37.64,40.16 2 0
core_project/apps/campaign/api/handlers/notification.go:40.16,43.3 2 0
core_project/apps/campaign/api/handlers/notification.go:44.2,47.18 3 0
core_project/apps/campaign/api/handlers/notification.go:47.18,49.84 2 0
core_project/apps/campaign/api/handlers/notification.go:49.84,51.4 1 0
core_project/apps/campaign/api/handlers/notification.go:54.2,54.26 1 0
core_project/apps/campaign/api/handlers/notification.go:54.26,56.3 1 0
core_project/apps/campaign/api/handlers/notification.go:58.2,58.78 1 0
core_project/apps/campaign/api/handlers/notification.go:61.82,67.61 2 0
core_project/apps/campaign/api/handlers/notification.go:67.61,70.3 2 0
core_project/apps/campaign/api/handlers/notification.go:72.2,77.16 3 0
core_project/apps/campaign/api/handlers/notification.go:77.16,80.3 2 0
core_project/apps/campaign/api/handlers/notification.go:82.2,82.122 1 0
core_project/apps/campaign/api/handlers/pileg.go:19.64,21.20 2 0
core_project/apps/campaign/api/handlers/pileg.go:21.20,27.3 2 0
core_project/apps/campaign/api/handlers/pileg.go:29.2,33.19 3 0
core_project/apps/campaign/api/handlers/pileg.go:33.19,36.3 2 0
core_project/apps/campaign/api/handlers/pileg.go:39.2,39.48 1 0
core_project/apps/campaign/api/handlers/pileg.go:42.85,49.16 2 0
core_project/apps/campaign/api/handlers/pileg.go:49.16,52.3 2 0
core_project/apps/campaign/api/handlers/pileg.go:53.2,62.18 4 0
core_project/apps/campaign/api/handlers/pileg.go:62.18,64.71 2 0
core_project/apps/campaign/api/handlers/pileg.go:64.71,66.4 1 0
core_project/apps/campaign/api/handlers/pileg.go:68.2,68.22 1 0
core_project/apps/campaign/api/handlers/pileg.go:68.22,70.3 1 0
core_project/apps/campaign/api/handlers/pileg.go:72.2,80.4 1 0
core_project/apps/campaign/api/handlers/pileg.go:83.96,85.16 2 0
core_project/apps/campaign/api/handlers/pileg.go:85.16,88.3 2 0
core_project/apps/campaign/api/handlers/pileg.go:90.2,93.21 3 0
core_project/apps/campaign/api/handlers/pileg.go:93.21,105.3 2 0
core_project/apps/campaign/api/handlers/pileg.go:107.2,111.44 4 0
core_project/apps/campaign/api/handlers/pileg.go:111.44,112.47 1 0
core_project/apps/campaign/api/handlers/pileg.go:112.47,114.4 1 0
core_project/apps/campaign/api/handlers/pileg.go:115.3,115.49 1 0
core_project/apps/campaign/api/handlers/pileg.go:118.2,135.4 2 0
core_project/apps/campaign/api/handlers/pileg.go:159.87,167.2 4 0
core_project/apps/campaign/api/handlers/pileg.go:169.73,184.21 5 0
core_project/apps/campaign/api/handlers/pileg.go:184.21,186.23 2 0
core_project/apps/campaign/api/handlers/pileg.go:186.23,188.59 2 0
core_project/apps/campaign/api/handlers/pileg.go:188.59,190.5 1 0
core_project/apps/campaign/api/handlers/pileg.go:193.2,193.16 1 0
core_project/apps/campaign/api/handlers/pileg.go:196.36,198.28 2 0
core_project/apps/campaign/api/handlers/pileg.go:198.28,200.3 1 0
core_project/apps/campaign/api/handlers/pileg.go:201.2,201.14 1 0
core_project/apps/campaign/api/handlers/pileg.go:204.36,206.28 2 0
core_project/apps/campaign/api/handlers/pileg.go:206.28,208.3 1 0
core_project/apps/campaign/api/handlers/pileg.go:209.2,209.14 1 0
core_project/apps/campaign/api/handlers/pileg.go:212.69,214.28 2 0
core_project/apps/campaign/api/handlers/pileg.go:214.28,215.69 1 0
core_project/apps/campaign/api/handlers/pileg.go:215.69,217.4 1 0
core_project/apps/campaign/api/handlers/pileg.go:219.2,219.17 1 0
core_project/apps/campaign/api/handlers/pileg.go:222.71,225.35 2 0
core_project/apps/campaign/api/handlers/pileg.go:225.35,230.27 4 0
core_project/apps/campaign/api/handlers/pileg.go:230.27,233.25 3 0
core_project/apps/campaign/api/handlers/pileg.go:233.25,237.5 3 0
core_project/apps/campaign/api/handlers/pileg.go:240.3,240.20 1 0
core_project/apps/campaign/api/handlers/pileg.go:240.20,241.9 1 0
core_project/apps/campaign/api/handlers/pileg.go:244.3,250.28 2 0
core_project/apps/campaign/api/handlers/pileg.go:252.2,252.20 1 0
core_project/apps/campaign/api/handlers/pileg.go:255.70,257.28 2 0
core_project/apps/campaign/api/handlers/pileg.go:257.28,259.21 2 0
core_project/apps/campaign/api/handlers/pileg.go:259.21,261.4 1 0
core_project/apps/campaign/api/handlers/pileg.go:262.3,268.5 1 0
core_project/apps/campaign/api/handlers/pileg.go:270.2,270.18 1 0
core_project/apps/campaign/api/handlers/public.go:19.68,21.20 2 0
core_project/apps/campaign/api/handlers/public.go:21.20,24.3 2 0
core_project/apps/campaign/api/handlers/public.go:26.2,32.29 5 0
core_project/apps/campaign/api/handlers/public.go:32.29,34.3 1 0
core_project/apps/campaign/api/handlers/public.go:36.2,44.69 3 0
core_project/apps/campaign/api/handlers/public.go:47.89,60.40 4 0
core_project/apps/campaign/api/handlers/public.go:60.40,61.21 1 0
core_project/apps/campaign/api/handlers/public.go:62.19,63.40 1 0
core_project/apps/campaign/api/handlers/public.go:64.18,65.39 1 0
core_project/apps/campaign/api/handlers/public.go:66.19,67.40 1 0
core_project/apps/campaign/api/handlers/public.go:69.3,69.86 1 0
core_project/apps/campaign/api/handlers/public.go:69.86,71.4 1 0
core_project/apps/campaign/api/handlers/public.go:74.2,79.22 2 0
core_project/apps/campaign/api/handlers/public.go:82.77,85.16 3 0
core_project/apps/campaign/api/handlers/public.go:85.16,87.3 1 0
core_project/apps/campaign/api/handlers/public.go:88.2,92.18 4 0
core_project/apps/campaign/api/handlers/public.go:92.18,94.66 2 0
core_project/apps/campaign/api/handlers/public.go:94.66,95.23 1 0
core_project/apps/campaign/api/handlers/public.go:95.23,97.5 1 0
core_project/apps/campaign/api/handlers/public.go:97.10,99.5 1 0
core_project/apps/campaign/api/handlers/public.go:102.4,103.24 2 0
core_project/apps/campaign/api/handlers/public.go:103.24,105.5 1 0
core_project/apps/campaign/api/handlers/public.go:106.4,107.7 2 0
core_project/apps/campaign/api/handlers/public.go:110.2,110.19 1 0
core_project/apps/campaign/api/handlers/public.go:113.50,120.2 1 0
core_project/apps/campaign/api/handlers/public.go:122.65,127.25 2 0
core_project/apps/campaign/api/handlers/public.go:127.25,129.3 1 0
core_project/apps/campaign/api/handlers/public.go:129.8,131.3 1 0
core_project/apps/campaign/api/handlers/public.go:132.2,132.25 1 0
core_project/apps/campaign/api/handlers/public.go:132.25,134.3 1 0
core_project/apps/campaign/api/handlers/public.go:134.8,136.3 1 0
core_project/apps/campaign/api/handlers/public.go:137.2,137.16 1 0
core_project/apps/campaign/api/handlers/real_count.go:19.13,22.51 1 1
core_project/apps/campaign/api/handlers/real_count.go:22.51,25.3 2 0
core_project/apps/campaign/api/handlers/real_count.go:59.62,61.20 2 0
core_project/apps/campaign/api/handlers/real_count.go:61.20,64.3 2 0
core_project/apps/campaign/api/handlers/real_count.go:66.2,66.18 1 0
core_project/apps/campaign/api/handlers/real_count.go:67.22,68.40 1 0
core_project/apps/campaign/api/handlers/real_count.go:69.23,70.34 1 0
core_project/apps/campaign/api/handlers/real_count.go:71.10,72.93 1 0
core_project/apps/campaign/api/handlers/real_count.go:76.85,78.22 2 0
core_project/apps/campaign/api/handlers/real_count.go:78.22,81.3 2 0
core_project/apps/campaign/api/handlers/real_count.go:83.2,94.16 4 0
core_project/apps/campaign/api/handlers/real_count.go:94.16,96.3 1 0
core_project/apps/campaign/api/handlers/real_count.go:98.2,110.4 3 0
core_project/apps/campaign/api/handlers/real_count.go:113.79,115.61 2 0
core_project/apps/campaign/api/handlers/real_count.go:115.61,118.3 2 0
core_project/apps/campaign/api/handlers/real_count.go:120.2,120.94 1 0
core_project/apps/campaign/api/handlers/real_count.go:120.94,123.3 2 0
core_project/apps/campaign/api/handlers/real_count.go:125.2,133.19 4 0
core_project/apps/campaign/api/handlers/real_count.go:133.19,136.3 2 0
core_project/apps/campaign/api/handlers/real_count.go:138.2,140.23 2 0
core_project/apps/campaign/api/handlers/real_count.go:140.23,145.3 4 0
core_project/apps/campaign/api/handlers/real_count.go:147.2,148.112 2 0
core_project/apps/campaign/api/handlers/real_count.go:148.112,150.3 1 0
core_project/apps/campaign/api/handlers/real_count.go:150.8,153.3 2 0
core_project/apps/campaign/api/handlers/real_count.go:155.2,177.16 3 0
core_project/apps/campaign/api/handlers/real_count.go:177.16,178.61 1 0
core_project/apps/campaign/api/handlers/real_count.go:178.61,181.4 2 0
core_project/apps/campaign/api/handlers/real_count.go:182.3,183.9 2 0
core_project/apps/campaign/api/handlers/real_count.go:186.2,193.4 1 0
core_project/apps/campaign/api/handlers/real_count.go:196.81,204.16 4 0
core_project/apps/campaign/api/handlers/real_count.go:204.16,206.3 1 0
core_project/apps/campaign/api/handlers/real_count.go:207.2,210.16 4 0
core_project/apps/campaign/api/handlers/real_count.go:210.16,212.3 1 0
core_project/apps/campaign/api/handlers/real_count.go:213.2,216.98 3 0
core_project/apps/campaign/api/handlers/real_count.go:216.98,218.3 1 0
core_project/apps/campaign/api/handlers/real_count.go:220.2,221.81 2 0
core_project/apps/campaign/api/handlers/real_count.go:221.81,223.3 1 0
core_project/apps/campaign/api/handlers/real_count.go:224.2,224.82 1 0
core_project/apps/campaign/api/handlers/region.go:16.62,17.32 1 0
core_project/apps/campaign/api/handlers/region.go:17.32,19.17 2 0
core_project/apps/campaign/api/handlers/region.go:19.17,22.4 2 0
core_project/apps/campaign/api/handlers/region.go:23.3,26.19 3 0
core_project/apps/campaign/api/handlers/region.go:26.19,28.52 2 0
core_project/apps/campaign/api/handlers/region.go:28.52,30.5 1 0
core_project/apps/campaign/api/handlers/region.go:33.3,33.19 1 0
core_project/apps/campaign/api/handlers/region.go:33.19,35.4 1 0
core_project/apps/campaign/api/handlers/region.go:37.3,38.9 2 0
core_project/apps/campaign/api/handlers/region.go:41.2,41.92 1 0
core_project/apps/campaign/api/handlers/report.go:11.60,13.20 2 0
core_project/apps/campaign/api/handlers/report.go:13.20,16.3 2 0
core_project/apps/campaign/api/handlers/report.go:18.2,18.32 1 0
core_project/apps/campaign/api/handlers/report.go:18.32,40.3 7 0
core_project/apps/campaign/api/handlers/report.go:42.2,42.92 1 0
core_project/apps/campaign/api/handlers/responses.go:17.69,21.2 3 1
core_project/apps/campaign/api/handlers/responses.go:23.46,25.2 1 1
core_project/apps/campaign/api/handlers/responses.go:27.44,29.2 1 1
core_project/apps/campaign/api/handlers/responses.go:31.46,33.2 1 1
core_project/apps/campaign/api/handlers/sentiment.go:21.68,23.20 2 0
core_project/apps/campaign/api/handlers/sentiment.go:23.20,26.3 2 0
core_project/apps/campaign/api/handlers/sentiment.go:28.2,28.18 1 0
core_project/apps/campaign/api/handlers/sentiment.go:29.22,30.36 1 0
core_project/apps/campaign/api/handlers/sentiment.go:31.23,32.30 1 0
core_project/apps/campaign/api/handlers/sentiment.go:33.10,34.93 1 0
core_project/apps/campaign/api/handlers/sentiment.go:38.81,40.22 2 0
core_project/apps/campaign/api/handlers/sentiment.go:40.22,43.3 2 0
core_project/apps/campaign/api/handlers/sentiment.go:45.2,54.16 3 0
core_project/apps/campaign/api/handlers/sentiment.go:54.16,57.3 2 0
core_project/apps/campaign/api/handlers/sentiment.go:58.2,61.18 3 0
core_project/apps/campaign/api/handlers/sentiment.go:61.18,65.66 4 0
core_project/apps/campaign/api/handlers/sentiment.go:65.66,72.4 1 0
core_project/apps/campaign/api/handlers/sentiment.go:74.2,74.70 1 0
core_project/apps/campaign/api/handlers/sentiment.go:77.75,79.61 2 0
core_project/apps/campaign/api/handlers/sentiment.go:79.61,82.3 2 0
core_project/apps/campaign/api/handlers/sentiment.go:83.2,83.26 1 0
core_project/apps/campaign/api/handlers/sentiment.go:83.26,86.3 2 0
core_project/apps/campaign/api/handlers/sentiment.go:88.2,101.16 5 0
core_project/apps/campaign/api/handlers/sentiment.go:101.16,104.3 2 0
core_project/apps/campaign/api/handlers/sentiment.go:106.2,109.4 1 0
core_project/apps/campaign/api/handlers/sentiment.go:118.53,131.42 7 0
core_project/apps/campaign/api/handlers/sentiment.go:131.42,133.3 1 0
core_project/apps/campaign/api/handlers/sentiment.go:134.2,140.59 5 0
core_project/apps/campaign/api/handlers/sentiment.go:140.59,142.3 1 0
core_project/apps/campaign/api/handlers/sentiment.go:143.2,143.12 1 0
core_project/apps/campaign/api/handlers/survey.go:18.60,20.20 2 0
core_project/apps/campaign/api/handlers/survey.go:20.20,23.3 2 0
core_project/apps/campaign/api/handlers/survey.go:25.2,25.18 1 0
core_project/apps/campaign/api/handlers/survey.go:26.22,27.27 1 0
core_project/apps/campaign/api/handlers/survey.go:28.23,29.31 1 0
core_project/apps/campaign/api/handlers/survey.go:30.10,31.93 1 0
core_project/apps/campaign/api/handlers/survey.go:35.58,38.16 2 0
core_project/apps/campaign/api/handlers/survey.go:38.16,41.3 2 0
core_project/apps/campaign/api/handlers/survey.go:42.2,45.18 3 0
core_project/apps/campaign/api/handlers/survey.go:45.18,47.66 2 0
core_project/apps/campaign/api/handlers/survey.go:47.66,49.4 1 0
core_project/apps/campaign/api/handlers/survey.go:51.2,51.72 1 0
core_project/apps/campaign/api/handlers/survey.go:54.76,59.61 2 0
core_project/apps/campaign/api/handlers/survey.go:59.61,62.3 2 0
core_project/apps/campaign/api/handlers/survey.go:64.2,69.16 3 0
core_project/apps/campaign/api/handlers/survey.go:69.16,72.3 2 0
core_project/apps/campaign/api/handlers/survey.go:74.2,74.119 1 0
core_project/apps/campaign/api/handlers/task.go:27.58,32.36 4 0
core_project/apps/campaign/api/handlers/task.go:32.36,35.3 2 0
core_project/apps/campaign/api/handlers/task.go:37.2,37.18 1 0
core_project/apps/campaign/api/handlers/task.go:38.22,39.43 1 0
core_project/apps/campaign/api/handlers/task.go:40.23,41.37 1 0
core_project/apps/campaign/api/handlers/task.go:42.22,43.29 1 0
core_project/apps/campaign/api/handlers/task.go:44.10,45.93 1 0
core_project/apps/campaign/api/handlers/task.go:49.74,53.25 3 0
core_project/apps/campaign/api/handlers/task.go:53.25,56.3 2 0
core_project/apps/campaign/api/handlers/task.go:58.2,59.16 2 0
core_project/apps/campaign/api/handlers/task.go:59.16,62.3 2 0
core_project/apps/campaign/api/handlers/task.go:63.2,66.18 3 0
core_project/apps/campaign/api/handlers/task.go:66.18,68.190 2 0
core_project/apps/campaign/api/handlers/task.go:68.190,70.4 1 0
core_project/apps/campaign/api/handlers/task.go:72.2,72.70 1 0
core_project/apps/campaign/api/handlers/task.go:75.82,83.61 2 0
core_project/apps/campaign/api/handlers/task.go:83.61,86.3 2 0
core_project/apps/campaign/api/handlers/task.go:87.2,87.32 1 0
core_project/apps/campaign/api/handlers/task.go:87.32,89.3 1 0
core_project/apps/campaign/api/handlers/task.go:91.2,92.26 2 0
core_project/apps/campaign/api/handlers/task.go:92.26,94.3 1 0
core_project/apps/campaign/api/handlers/task.go:96.2,101.16 3 0
core_project/apps/campaign/api/handlers/task.go:101.16,104.3 2 0
core_project/apps/campaign/api/handlers/task.go:106.2,106.117 1 0
core_project/apps/campaign/api/handlers/task.go:109.74,117.61 2 0
core_project/apps/campaign/api/handlers/task.go:117.61,120.3 2 0
core_project/apps/campaign/api/handlers/task.go:122.2,126.26 4 0
core_project/apps/campaign/api/handlers/task.go:126.26,130.3 3 0
core_project/apps/campaign/api/handlers/task.go:131.2,131.27 1 0
core_project/apps/campaign/api/handlers/task.go:131.27,135.3 3 0
core_project/apps/campaign/api/handlers/task.go:136.2,136.22 1 0
core_project/apps/campaign/api/handlers/task.go:136.22,140.3 3 0
core_project/apps/campaign/api/handlers/task.go:141.2,141.27 1 0
core_project/apps/campaign/api/handlers/task.go:141.27,145.3 3 0
core_project/apps/campaign/api/handlers/task.go:147.2,151.16 4 0
core_project/apps/campaign/api/handlers/task.go:151.16,154.3 2 0
core_project/apps/campaign/api/handlers/task.go:156.2,156.82 1 0
core_project/apps/campaign/api/handlers/users.go:22.58,24.20 2 0
core_project/apps/campaign/api/handlers/users.go:24.20,27.3 2 0
core_project/apps/campaign/api/handlers/users.go:29.2,29.18 1 0
core_project/apps/campaign/api/handlers/users.go:30.22,31.25 1 0
core_project/apps/campaign/api/handlers/users.go:32.23,33.29 1 0
core_project/apps/campaign/api/handlers/users.go:34.10,35.93 1 0
core_project/apps/campaign/api/handlers/users.go:39.56,42.16 2 0
core_project/apps/campaign/api/handlers/users.go:42.16,45.3 2 0
core_project/apps/campaign/api/handlers/users.go:46.2,49.18 3 0
core_project/apps/campaign/api/handlers/users.go:49.18,51.104 2 0
core_project/apps/campaign/api/handlers/users.go:51.104,53.4 1 0
core_project/apps/campaign/api/handlers/users.go:55.2,55.70 1 0
core_project/apps/campaign/api/handlers/users.go:58.74,66.61 2 0
core_project/apps/campaign/api/handlers/users.go:66.61,69.3 2 0
core_project/apps/campaign/api/handlers/users.go:71.2,71.20 1 0
core_project/apps/campaign/api/handlers/users.go:71.20,73.3 1 0
core_project/apps/campaign/api/handlers/users.go:75.2,82.16 4 0
core_project/apps/campaign/api/handlers/users.go:82.16,85.3 2 0
core_project/apps/campaign/api/handlers/users.go:87.2,87.117 1 0
core_project/apps/campaign/api/handlers/volunteer.go:19.63,21.20 2 1
core_project/apps/campaign/api/handlers/volunteer.go:21.20,24.3 2 1
core_project/apps/campaign/api/handlers/volunteer.go:26.2,26.18 1 1
core_project/apps/campaign/api/handlers/volunteer.go:27.22,28.30 1 0
core_project/apps/campaign/api/handlers/volunteer.go:29.23,30.36 1 0
core_project/apps/campaign/api/handlers/volunteer.go:31.10,32.93 1 1
core_project/apps/campaign/api/handlers/volunteer.go:36.61,39.16 2 0
core_project/apps/campaign/api/handlers/volunteer.go:39.16,42.3 2 0
core_project/apps/campaign/api/handlers/volunteer.go:43.2,46.18 3 0
core_project/apps/campaign/api/handlers/volunteer.go:46.18,48.70 2 0
core_project/apps/campaign/api/handlers/volunteer.go:48.70,50.4 1 0
core_project/apps/campaign/api/handlers/volunteer.go:52.2,52.75 1 0
core_project/apps/campaign/api/handlers/volunteer.go:55.81,60.61 2 0
core_project/apps/campaign/api/handlers/volunteer.go:60.61,63.3 2 0
core_project/apps/campaign/api/handlers/volunteer.go:65.2,70.16 3 0
core_project/apps/campaign/api/handlers/volunteer.go:70.16,73.3 2 0
core_project/apps/campaign/api/handlers/volunteer.go:75.2,75.125 1 0
core_project/apps/campaign/api/handlers/volunteer.go:78.67,80.20 2 1
core_project/apps/campaign/api/handlers/volunteer.go:80.20,83.3 2 1
core_project/apps/campaign/api/handlers/volunteer.go:85.2,85.32 1 1
core_project/apps/campaign/api/handlers/volunteer.go:85.32,88.3 2 1
core_project/apps/campaign/api/handlers/volunteer.go:90.2,92.16 3 0
core_project/apps/campaign/api/handlers/volunteer.go:92.16,94.3 1 0
core_project/apps/campaign/api/handlers/volunteer.go:96.2,100.70 2 0
core_project/apps/campaign/api/handlers/voter.go:21.59,26.36 4 1
core_project/apps/campaign/api/handlers/voter.go:26.36,29.3 2 1
core_project/apps/campaign/api/handlers/voter.go:31.2,31.18 1 1
core_project/apps/campaign/api/handlers/voter.go:32.22,33.44 1 0
core_project/apps/campaign/api/handlers/voter.go:34.22,35.30 1 0
core_project/apps/campaign/api/handlers/voter.go:36.10,37.93 1 1
core_project/apps/campaign/api/handlers/voter.go:41.75,45.25 3 0
core_project/apps/campaign/api/handlers/voter.go:45.25,48.3 2 0
core_project/apps/campaign/api/handlers/voter.go:50.2,51.16 2 0
core_project/apps/campaign/api/handlers/voter.go:51.16,54.3 2 0
core_project/apps/campaign/api/handlers/voter.go:55.2,58.18 3 0
core_project/apps/campaign/api/handlers/voter.go:58.18,60.104 2 0
core_project/apps/campaign/api/handlers/voter.go:60.104,62.4 1 0
core_project/apps/campaign/api/handlers/voter.go:64.2,64.71 1 0
core_project/apps/campaign/api/handlers/voter.go:67.75,74.61 2 0
core_project/apps/campaign/api/handlers/voter.go:74.61,77.3 2 0
core_project/apps/campaign/api/handlers/voter.go:79.2,83.22 4 0
core_project/apps/campaign/api/handlers/voter.go:83.22,87.3 3 0
core_project/apps/campaign/api/handlers/voter.go:88.2,88.30 1 0
core_project/apps/campaign/api/handlers/voter.go:88.30,92.3 3 0
core_project/apps/campaign/api/handlers/voter.go:93.2,93.33 1 0
core_project/apps/campaign/api/handlers/voter.go:93.33,97.3 3 0
core_project/apps/campaign/api/handlers/voter.go:99.2,103.16 4 0
core_project/apps/campaign/api/handlers/voter.go:103.16,106.3 2 0
core_project/apps/campaign/api/handlers/voter.go:108.2,108.83 1 0
core_project/apps/campaign/api/handlers/voter_stats_handlers.go:10.63,15.36 4 1
core_project/apps/campaign/api/handlers/voter_stats_handlers.go:15.36,18.3 2 1
core_project/apps/campaign/api/handlers/voter_stats_handlers.go:20.2,23.25 3 0
core_project/apps/campaign/api/handlers/voter_stats_handlers.go:23.25,26.3 2 0
core_project/apps/campaign/api/handlers/voter_stats_handlers.go:28.2,31.16 3 0
core_project/apps/campaign/api/handlers/voter_stats_handlers.go:31.16,34.3 2 0
core_project/apps/campaign/api/handlers/voter_stats_handlers.go:35.2,49.18 6 0
core_project/apps/campaign/api/handlers/voter_stats_handlers.go:49.18,52.75 3 0
core_project/apps/campaign/api/handlers/voter_stats_handlers.go:52.75,54.20 2 0
core_project/apps/campaign/api/handlers/voter_stats_handlers.go:54.20,56.5 1 0
core_project/apps/campaign/api/handlers/voter_stats_handlers.go:57.4,57.25 1 0
core_project/apps/campaign/api/handlers/voter_stats_handlers.go:57.25,59.5 1 0
core_project/apps/campaign/api/handlers/voter_stats_handlers.go:60.4,60.18 1 0
core_project/apps/campaign/api/handlers/voter_stats_handlers.go:64.2,71.69 2 0
core_project/apps/campaign/api/handlers/wargame.go:19.70,21.20 2 0
core_project/apps/campaign/api/handlers/wargame.go:21.20,24.3 2 0
core_project/apps/campaign/api/handlers/wargame.go:26.2,26.33 1 0
core_project/apps/campaign/api/handlers/wargame.go:26.33,29.3 2 0
core_project/apps/campaign/api/handlers/wargame.go:31.2,32.61 2 0
core_project/apps/campaign/api/handlers/wargame.go:32.61,35.3 2 0
core_project/apps/campaign/api/handlers/wargame.go:37.2,42.34 6 0
core_project/apps/campaign/api/handlers/wargame.go:42.34,44.3 1 0
core_project/apps/campaign/api/handlers/wargame.go:46.2,48.20 3 0
core_project/apps/campaign/api/handlers/wargame.go:48.20,50.3 1 0
core_project/apps/campaign/api/handlers/wargame.go:52.2,62.4 1 0
core_project/apps/campaign/api/handlers/wargame.go:65.90,74.17 7 0
core_project/apps/campaign/api/handlers/wargame.go:74.17,76.3 1 0
core_project/apps/campaign/api/handlers/wargame.go:77.2,77.33 1 0
core_project/apps/campaign/api/handlers/wargame.go:80.59,81.32 1 0
core_project/apps/campaign/api/handlers/wargame.go:81.32,83.3 1 0
core_project/apps/campaign/api/handlers/wargame.go:84.2,84.16 1 0
core_project/apps/campaign/api/handlers/wargame.go:87.71,88.14 1 0
core_project/apps/campaign/api/handlers/wargame.go:88.14,90.3 1 0
core_project/apps/campaign/api/handlers/wargame.go:91.2,92.49 2 0
core_project/apps/campaign/api/handlers/wargame.go:95.72,96.21 1 0
core_project/apps/campaign/api/handlers/wargame.go:96.21,98.3 1 0
core_project/apps/campaign/api/handlers/wargame.go:99.2,100.37 2 0
core_project/apps/campaign/api/handlers/wargame.go:100.37,102.3 1 0
core_project/apps/campaign/api/handlers/wargame.go:103.2,103.19 1 0
core_project/apps/campaign/api/handlers/wargame.go:103.19,105.3 1 0
core_project/apps/campaign/api/handlers/wargame.go:106.2,106.16 1 0
core_project/apps/umkm/scripts/migrate/migrate.go:12.13,18.16 4 0
core_project/apps/umkm/scripts/migrate/migrate.go:18.16,21.3 2 0
core_project/apps/umkm/scripts/migrate/migrate.go:22.2,26.16 4 0
core_project/apps/umkm/scripts/migrate/migrate.go:26.16,29.3 2 0
core_project/apps/umkm/scripts/migrate/migrate.go:31.2,31.81 1 0
core_project/apps/umkm/scripts/register_tenant/register_tenant.go:14.13,15.22 1 0
core_project/apps/umkm/scripts/register_tenant/register_tenant.go:15.22,18.3 2 0
core_project/apps/umkm/scripts/register_tenant/register_tenant.go:20.2,30.16 8 0
core_project/apps/umkm/scripts/register_tenant/register_tenant.go:30.16,33.3 2 0
core_project/apps/umkm/scripts/register_tenant/register_tenant.go:34.2,41.16 5 0
core_project/apps/umkm/scripts/register_tenant/register_tenant.go:41.16,44.3 2 0
core_project/apps/umkm/scripts/register_tenant/register_tenant.go:48.2,48.22 1 0
core_project/apps/umkm/scripts/register_tenant/register_tenant.go:48.22,51.3 2 0
core_project/apps/umkm/scripts/register_tenant/register_tenant.go:52.2,54.16 3 0
core_project/apps/umkm/scripts/register_tenant/register_tenant.go:54.16,57.3 2 0
core_project/apps/umkm/scripts/register_tenant/register_tenant.go:58.2,62.16 4 0
core_project/apps/umkm/scripts/register_tenant/register_tenant.go:62.16,65.3 2 0
core_project/apps/umkm/scripts/register_tenant/register_tenant.go:67.2,73.16 5 0
core_project/apps/umkm/scripts/register_tenant/register_tenant.go:73.16,76.3 2 0
core_project/apps/umkm/scripts/register_tenant/register_tenant.go:77.2,79.38 2 0
core_project/apps/umkm/scripts/register_tenant/register_tenant.go:79.38,81.3 1 0
core_project/apps/umkm/scripts/register_tenant/register_tenant.go:81.8,83.3 1 0
core_project/scripts/e2e/simulate_phase2/simulate_phase2.go:19.13,44.16 17 0
core_project/scripts/e2e/simulate_phase2/simulate_phase2.go:44.16,46.3 1 0
core_project/scripts/e2e/simulate_phase2/simulate_phase2.go:46.8,51.3 4 0
core_project/scripts/e2e/simulate_phase2/simulate_phase2.go:56.2,71.16 11 0
core_project/scripts/e2e/simulate_phase2/simulate_phase2.go:71.16,73.3 1 0
core_project/scripts/e2e/simulate_phase2/simulate_phase2.go:73.8,83.3 7 0
core_project/scripts/e2e/simulate_phase2/simulate_phase2.go:85.2,87.69 3 0
core_project/scripts/e2e/main.go:18.13,26.42 6 0
core_project/scripts/e2e/main.go:26.42,28.3 1 0
core_project/scripts/e2e/main.go:28.8,30.3 1 0
core_project/scripts/e2e/main.go:33.2,38.42 5 0
core_project/scripts/e2e/main.go:38.42,45.3 6 0
core_project/scripts/e2e/main.go:45.8,49.3 3 0
core_project/scripts/e2e/main.go:52.2,57.16 6 0
core_project/scripts/e2e/main.go:57.16,59.3 1 0
core_project/scripts/e2e/main.go:62.2,77.16 8 0
core_project/scripts/e2e/main.go:77.16,80.3 2 0
core_project/scripts/e2e/main.go:83.2,90.16 8 0
core_project/scripts/e2e/main.go:90.16,93.3 2 0
core_project/scripts/e2e/main.go:95.2,95.51 1 0
core_project/apps/umkm/chatbot/chat_handlers.go:19.57,20.33 1 1
core_project/apps/umkm/chatbot/chat_handlers.go:20.33,23.3 2 0
core_project/apps/umkm/chatbot/chat_handlers.go:24.2,25.20 2 1
core_project/apps/umkm/chatbot/chat_handlers.go:25.20,28.3 2 1
core_project/apps/umkm/chatbot/chat_handlers.go:30.2,31.61 2 0
core_project/apps/umkm/chatbot/chat_handlers.go:31.61,34.3 2 0
core_project/apps/umkm/chatbot/chat_handlers.go:36.2,40.34 3 0
core_project/apps/umkm/chatbot/chat_handlers.go:40.34,42.17 2 0
core_project/apps/umkm/chatbot/chat_handlers.go:42.17,44.4 1 0
core_project/apps/umkm/chatbot/chat_handlers.go:48.2,48.34 1 0
core_project/apps/umkm/chatbot/chat_handlers.go:48.34,50.3 1 0
core_project/apps/umkm/chatbot/chat_handlers.go:52.2,53.15 2 0
core_project/apps/umkm/chatbot/chat_handlers.go:53.15,55.3 1 0
core_project/apps/umkm/chatbot/chat_handlers.go:56.2,72.16 9 0
core_project/apps/umkm/chatbot/chat_handlers.go:72.16,75.3 2 0
core_project/apps/umkm/chatbot/chat_handlers.go:76.2,84.28 4 0
core_project/apps/umkm/chatbot/chat_handlers.go:84.28,88.3 3 0
core_project/apps/umkm/chatbot/chat_handlers.go:90.2,94.34 3 0
core_project/apps/umkm/chatbot/chat_handlers.go:94.34,96.3 1 0
core_project/apps/umkm/chatbot/chat_handlers.go:98.2,98.20 1 0
core_project/apps/umkm/chatbot/chat_handlers.go:98.20,100.3 1 0
core_project/apps/umkm/chatbot/chat_handlers.go:102.2,108.4 1 0
core_project/apps/umkm/chatbot/config_handlers.go:32.79,33.20 1 0
core_project/apps/umkm/chatbot/config_handlers.go:33.20,35.3 1 0
core_project/apps/umkm/chatbot/config_handlers.go:36.2,38.24 2 0
core_project/apps/umkm/chatbot/config_handlers.go:38.24,39.83 1 0
core_project/apps/umkm/chatbot/config_handlers.go:39.83,41.60 2 0
core_project/apps/umkm/chatbot/config_handlers.go:41.60,43.5 1 0
core_project/apps/umkm/chatbot/config_handlers.go:47.2,52.16 6 0
core_project/apps/umkm/chatbot/config_handlers.go:52.16,55.3 2 0
core_project/apps/umkm/chatbot/config_handlers.go:56.2,57.38 2 0
core_project/apps/umkm/chatbot/config_handlers.go:57.38,59.3 1 0
core_project/apps/umkm/chatbot/config_handlers.go:60.2,64.111 2 0
core_project/apps/umkm/chatbot/config_handlers.go:64.111,66.3 1 0
core_project/apps/umkm/chatbot/config_handlers.go:68.2,68.24 1 0
core_project/apps/umkm/chatbot/config_handlers.go:68.24,69.55 1 0
core_project/apps/umkm/chatbot/config_handlers.go:69.55,71.4 1 0
core_project/apps/umkm/chatbot/config_handlers.go:73.2,73.21 1 0
core_project/apps/umkm/chatbot/config_handlers.go:79.65,80.33 1 0
core_project/apps/umkm/chatbot/config_handlers.go:80.33,82.17 2 0
core_project/apps/umkm/chatbot/config_handlers.go:82.17,84.4 1 0
core_project/apps/umkm/chatbot/config_handlers.go:85.3,85.20 1 0
core_project/apps/umkm/chatbot/config_handlers.go:87.2,87.64 1 0
core_project/apps/umkm/chatbot/config_handlers.go:87.64,89.3 1 0
core_project/apps/umkm/chatbot/config_handlers.go:90.2,90.38 1 0
core_project/apps/umkm/chatbot/config_handlers.go:90.38,92.3 1 0
core_project/apps/umkm/chatbot/config_handlers.go:93.2,94.68 2 0
core_project/apps/umkm/chatbot/config_handlers.go:94.68,96.3 1 0
core_project/apps/umkm/chatbot/config_handlers.go:97.2,97.17 1 0
core_project/apps/umkm/chatbot/config_handlers.go:100.44,101.27 1 0
core_project/apps/umkm/chatbot/config_handlers.go:101.27,103.3 1 0
core_project/apps/umkm/chatbot/config_handlers.go:104.2,105.32 2 0
core_project/apps/umkm/chatbot/config_handlers.go:105.32,106.14 1 0
core_project/apps/umkm/chatbot/config_handlers.go:106.14,108.4 1 0
core_project/apps/umkm/chatbot/config_handlers.go:110.2,110.14 1 0
core_project/apps/umkm/chatbot/db.go:14.39,19.16 3 0
core_project/apps/umkm/chatbot/db.go:19.16,21.3 1 0
core_project/apps/umkm/chatbot/db.go:23.2,23.56 1 0
core_project/apps/umkm/chatbot/db.go:23.56,25.3 1 0
core_project/apps/umkm/chatbot/db.go:27.2,29.12 3 0
core_project/apps/umkm/chatbot/health_handlers.go:15.59,22.15 5 0
core_project/apps/umkm/chatbot/health_handlers.go:22.15,23.46 1 0
core_project/apps/umkm/chatbot/health_handlers.go:23.46,25.4 1 0
core_project/apps/umkm/chatbot/health_handlers.go:29.2,29.24 1 0
core_project/apps/umkm/chatbot/health_handlers.go:29.24,30.61 1 0
core_project/apps/umkm/chatbot/health_handlers.go:30.61,32.4 1 0
core_project/apps/umkm/chatbot/health_handlers.go:36.2,36.27 1 0
core_project/apps/umkm/chatbot/health_handlers.go:36.27,38.68 2 0
core_project/apps/umkm/chatbot/health_handlers.go:38.68,40.40 2 0
core_project/apps/umkm/chatbot/health_handlers.go:40.40,42.5 1 0
core_project/apps/umkm/chatbot/health_handlers.go:47.2,47.59 1 0
core_project/apps/umkm/chatbot/health_handlers.go:47.59,49.3 1 0
core_project/apps/umkm/chatbot/health_handlers.go:51.2,58.4 3 0
core_project/apps/umkm/chatbot/health_handlers.go:61.60,63.2 1 0
core_project/apps/umkm/chatbot/health_handlers.go:66.60,69.24 2 0
core_project/apps/umkm/chatbot/health_handlers.go:69.24,71.17 2 0
core_project/apps/umkm/chatbot/health_handlers.go:71.17,73.4 1 0
core_project/apps/umkm/chatbot/health_handlers.go:76.2,100.26 5 0
core_project/apps/umkm/chatbot/main.go:29.69,33.2 3 1
core_project/apps/umkm/chatbot/main.go:35.45,37.2 1 0
core_project/apps/umkm/chatbot/main.go:47.25,49.16 2 0
core_project/apps/umkm/chatbot/main.go:49.16,51.3 1 0
core_project/apps/umkm/chatbot/main.go:52.2,52.30 1 0
core_project/apps/umkm/chatbot/main.go:62.13,69.58 4 0
core_project/apps/umkm/chatbot/main.go:69.58,72.3 2 0
core_project/apps/umkm/chatbot/main.go:75.2,75.35 1 0
core_project/apps/umkm/chatbot/main.go:75.35,77.3 1 0
core_project/apps/umkm/chatbot/main.go:79.2,79.36 1 0
core_project/apps/umkm/chatbot/main.go:79.36,82.3 2 0
core_project/apps/umkm/chatbot/main.go:83.2,85.42 2 0
core_project/apps/umkm/chatbot/main.go:85.42,88.3 2 0
core_project/apps/umkm/chatbot/main.go:90.2,94.69 2 0
core_project/apps/umkm/chatbot/main.go:94.69,96.3 1 0
core_project/apps/umkm/chatbot/main.go:96.8,98.3 1 0
core_project/apps/umkm/chatbot/main.go:100.2,108.16 8 0
core_project/apps/umkm/chatbot/main.go:108.16,110.3 1 0
core_project/apps/umkm/chatbot/main.go:112.2,120.48 4 0
core_project/apps/umkm/chatbot/main.go:120.48,122.3 1 0
core_project/apps/umkm/chatbot/main.go:125.56,126.71 1 0
core_project/apps/umkm/chatbot/main.go:126.71,130.3 3 0
core_project/apps/umkm/chatbot/media_handlers.go:12.66,24.16 5 0
core_project/apps/umkm/chatbot/media_handlers.go:24.16,26.3 1 0
core_project/apps/umkm/chatbot/media_handlers.go:27.2,32.16 5 0
core_project/apps/umkm/chatbot/media_handlers.go:32.16,34.3 1 0
core_project/apps/umkm/chatbot/media_handlers.go:35.2,37.38 2 0
core_project/apps/umkm/chatbot/media_handlers.go:37.38,39.3 1 0
core_project/apps/umkm/chatbot/media_handlers.go:41.2,47.64 2 0
core_project/apps/umkm/chatbot/media_handlers.go:47.64,49.3 1 0
core_project/apps/umkm/chatbot/media_handlers.go:50.2,50.18 1 0
core_project/apps/umkm/chatbot/media_handlers.go:50.18,52.3 1 0
core_project/apps/umkm/chatbot/media_handlers.go:54.2,54.27 1 0
core_project/apps/umkm/chatbot/media_handlers.go:57.71,58.18 1 0
core_project/apps/umkm/chatbot/media_handlers.go:58.18,60.3 1 0
core_project/apps/umkm/chatbot/media_handlers.go:61.2,72.16 5 0
core_project/apps/umkm/chatbot/media_handlers.go:72.16,74.3 1 0
core_project/apps/umkm/chatbot/media_handlers.go:75.2,80.16 5 0
core_project/apps/umkm/chatbot/media_handlers.go:80.16,82.3 1 0
core_project/apps/umkm/chatbot/media_handlers.go:83.2,85.38 2 0
core_project/apps/umkm/chatbot/media_handlers.go:85.38,87.3 1 0
core_project/apps/umkm/chatbot/media_handlers.go:89.2,95.64 2 0
core_project/apps/umkm/chatbot/media_handlers.go:95.64,97.3 1 0
core_project/apps/umkm/chatbot/media_handlers.go:98.2,98.18 1 0
core_project/apps/umkm/chatbot/media_handlers.go:98.18,100.3 1 0
core_project/apps/umkm/chatbot/media_handlers.go:102.2,102.27 1 0
core_project/apps/umkm/chatbot/migrations.go:16.44,23.58 2 0
core_project/apps/umkm/chatbot/migrations.go:23.58,25.59 2 0
core_project/apps/umkm/chatbot/migrations.go:25.59,27.60 2 0
core_project/apps/umkm/chatbot/migrations.go:27.60,29.5 1 0
core_project/apps/umkm/chatbot/migrations.go:33.2,34.16 2 0
core_project/apps/umkm/chatbot/migrations.go:34.16,36.3 1 0
core_project/apps/umkm/chatbot/migrations.go:38.2,41.16 3 0
core_project/apps/umkm/chatbot/migrations.go:41.16,43.3 1 0
core_project/apps/umkm/chatbot/migrations.go:45.2,45.56 1 0
core_project/apps/umkm/chatbot/migrations.go:45.56,47.3 1 0
core_project/apps/umkm/chatbot/migrations.go:49.2,49.12 1 0
core_project/apps/umkm/chatbot/process_handlers.go:17.34,28.20 8 0
core_project/apps/umkm/chatbot/process_handlers.go:28.20,30.3 1 0
core_project/apps/umkm/chatbot/process_handlers.go:30.8,32.21 2 0
core_project/apps/umkm/chatbot/process_handlers.go:32.21,34.4 1 0
core_project/apps/umkm/chatbot/process_handlers.go:37.2,38.60 2 0
core_project/apps/umkm/chatbot/process_handlers.go:38.60,40.3 1 0
core_project/apps/umkm/chatbot/process_handlers.go:42.2,42.87 1 0
core_project/apps/umkm/chatbot/process_handlers.go:45.69,46.33 1 0
core_project/apps/umkm/chatbot/process_handlers.go:46.33,48.3 1 0
core_project/apps/umkm/chatbot/process_handlers.go:49.2,49.75 1 0
core_project/apps/umkm/chatbot/process_handlers.go:49.75,51.3 1 0
core_project/apps/umkm/chatbot/process_handlers.go:52.2,52.45 1 0
core_project/apps/umkm/chatbot/process_handlers.go:55.69,58.27 3 0
core_project/apps/umkm/chatbot/process_handlers.go:58.27,59.24 1 0
core_project/apps/umkm/chatbot/process_handlers.go:59.24,61.4 1 0
core_project/apps/umkm/chatbot/process_handlers.go:62.3,62.29 1 0
core_project/apps/umkm/chatbot/process_handlers.go:64.2,64.85 1 0
core_project/apps/umkm/chatbot/process_handlers.go:64.85,65.24 1 0
core_project/apps/umkm/chatbot/process_handlers.go:65.24,67.4 1 0
core_project/apps/umkm/chatbot/process_handlers.go:68.3,68.43 1 0
core_project/apps/umkm/chatbot/process_handlers.go:70.2,70.56 1 0
core_project/apps/umkm/chatbot/process_handlers.go:73.69,74.9 1 0
core_project/apps/umkm/chatbot/process_handlers.go:75.53,76.36 1 0
core_project/apps/umkm/chatbot/process_handlers.go:77.53,78.36 1 0
core_project/apps/umkm/chatbot/process_handlers.go:79.10,80.21 1 0
core_project/apps/umkm/chatbot/process_handlers.go:84.100,86.15 2 0
core_project/apps/umkm/chatbot/process_handlers.go:86.15,88.3 1 0
core_project/apps/umkm/chatbot/process_handlers.go:89.2,93.16 4 0
core_project/apps/umkm/chatbot/process_handlers.go:93.16,95.19 2 0
core_project/apps/umkm/chatbot/process_handlers.go:95.19,97.43 2 0
core_project/apps/umkm/chatbot/process_handlers.go:97.43,99.31 2 0
core_project/apps/umkm/chatbot/process_handlers.go:99.31,101.11 2 0
core_project/apps/umkm/chatbot/process_handlers.go:106.2,107.8 2 0
core_project/apps/umkm/chatbot/process_handlers.go:110.93,111.15 1 0
[...]
core_project/services/wa-gateway/otp_handler.go:25.4,27.26 2 0
core_project/services/wa-gateway/otp_handler.go:27.26,29.4 1 0
core_project/services/wa-gateway/otp_handler.go:31.2,31.14 1 0
core_project/services/wa-gateway/otp_handler.go:34.87,36.27 2 0
core_project/services/wa-gateway/otp_handler.go:36.27,38.56 2 0
core_project/services/wa-gateway/otp_handler.go:38.56,42.4 2 0
core_project/services/wa-gateway/otp_handler.go:44.2,44.14 1 0
core_project/services/wa-gateway/otp_handler.go:47.86,48.15 1 0
core_project/services/wa-gateway/otp_handler.go:48.15,50.3 1 0
core_project/services/wa-gateway/otp_handler.go:52.2,54.16 3 0
core_project/services/wa-gateway/otp_handler.go:54.16,57.3 2 0
core_project/services/wa-gateway/otp_handler.go:59.2,59.27 1 0
core_project/services/wa-gateway/otp_handler.go:59.27,61.70 2 0
core_project/services/wa-gateway/otp_handler.go:61.70,65.4 2 0
core_project/services/wa-gateway/otp_handler.go:67.2,67.18 1 0
core_project/services/wa-gateway/otp_handler.go:70.66,74.56 3 0
core_project/services/wa-gateway/otp_handler.go:74.56,77.3 2 0
core_project/services/wa-gateway/otp_handler.go:79.2,79.58 1 0
core_project/services/wa-gateway/otp_handler.go:79.58,82.3 2 0
core_project/services/wa-gateway/otp_handler.go:84.2,84.66 1 0
core_project/services/wa-gateway/otp_handler.go:84.66,87.3 2 0
core_project/services/wa-gateway/otp_handler.go:89.2,90.118 2 0
core_project/services/wa-gateway/otp_handler.go:93.87,96.40 3 0
core_project/services/wa-gateway/otp_handler.go:96.40,98.3 1 0
core_project/services/wa-gateway/otp_handler.go:99.2,102.81 4 0
core_project/services/wa-gateway/otp_handler.go:105.75,114.31 5 0
core_project/services/wa-gateway/otp_handler.go:114.31,117.3 2 0
core_project/services/wa-gateway/otp_handler.go:118.2,123.53 4 0
core_project/services/wa-gateway/otp_handler.go:123.53,125.3 1 0
core_project/services/wa-gateway/otp_handler.go:125.8,127.46 2 0
core_project/services/wa-gateway/otp_handler.go:127.46,129.4 1 0
core_project/services/wa-gateway/otp_handler.go:130.3,130.92 1 0
core_project/services/wa-gateway/password_reset_handler.go:23.68,35.2 2 0
core_project/services/wa-gateway/password_reset_handler.go:37.54,40.2 2 0
core_project/services/wa-gateway/password_reset_handler.go:42.98,44.56 2 0
core_project/services/wa-gateway/password_reset_handler.go:44.56,47.3 2 0
core_project/services/wa-gateway/password_reset_handler.go:49.2,49.15 1 0
core_project/services/wa-gateway/password_reset_handler.go:49.15,52.17 3 0
core_project/services/wa-gateway/password_reset_handler.go:52.17,57.4 2 0
core_project/services/wa-gateway/password_reset_handler.go:58.3,58.30 1 0
core_project/services/wa-gateway/password_reset_handler.go:61.2,81.13 10 0
core_project/services/wa-gateway/password_reset_handler.go:84.105,85.50 1 0
core_project/services/wa-gateway/password_reset_handler.go:85.50,88.3 2 0
core_project/services/wa-gateway/password_reset_handler.go:89.2,92.47 4 0
core_project/services/wa-gateway/password_reset_handler.go:92.47,95.3 2 0
core_project/services/wa-gateway/password_reset_handler.go:97.2,103.13 4 0
core_project/services/wa-gateway/password_reset_handler.go:106.99,107.22 1 0
core_project/services/wa-gateway/password_reset_handler.go:107.22,110.3 2 0
core_project/services/wa-gateway/password_reset_handler.go:112.2,122.31 8 0
core_project/services/wa-gateway/password_reset_handler.go:122.31,126.3 3 0
core_project/services/wa-gateway/password_reset_handler.go:127.2,133.53 5 0
core_project/services/wa-gateway/password_reset_handler.go:133.53,142.3 5 0
core_project/services/wa-gateway/password_reset_handler.go:142.8,144.46 2 0
core_project/services/wa-gateway/password_reset_handler.go:144.46,146.4 1 0
core_project/services/wa-gateway/password_reset_handler.go:147.3,147.101 1 0
core_project/services/wa-gateway/password_reset_handler.go:149.2,149.13 1 0
core_project/services/wa-gateway/password_reset_handler.go:152.114,153.26 1 0
core_project/services/wa-gateway/password_reset_handler.go:153.26,156.3 2 0
core_project/services/wa-gateway/password_reset_handler.go:158.2,158.22 1 0
core_project/services/wa-gateway/password_reset_handler.go:159.9,160.58 1 0
core_project/services/wa-gateway/password_reset_handler.go:161.9,162.65 1 0
core_project/services/wa-gateway/password_reset_handler.go:163.9,164.59 1 0
core_project/services/wa-gateway/password_reset_handler.go:166.2,166.14 1 0
core_project/services/wa-gateway/password_reset_handler.go:169.42,171.36 2 1
core_project/services/wa-gateway/password_reset_handler.go:171.36,172.27 1 1
core_project/services/wa-gateway/password_reset_handler.go:172.27,174.4 1 1
core_project/services/wa-gateway/password_reset_handler.go:175.3,175.12 1 1
core_project/services/wa-gateway/password_reset_handler.go:177.2,177.31 1 1
core_project/services/wa-gateway/password_reset_handler.go:177.31,179.3 1 1
core_project/services/wa-gateway/password_reset_handler.go:179.8,179.38 1 1
core_project/services/wa-gateway/password_reset_handler.go:179.38,181.3 1 0
core_project/services/wa-gateway/password_reset_handler.go:182.2,182.10 1 1
core_project/services/wa-gateway/qr_handlers.go:24.52,25.77 1 0
core_project/services/wa-gateway/qr_handlers.go:25.77,27.3 1 0
core_project/services/wa-gateway/qr_handlers.go:30.93,31.32 1 0
core_project/services/wa-gateway/qr_handlers.go:31.32,34.3 2 0
core_project/services/wa-gateway/qr_handlers.go:36.2,37.20 2 0
core_project/services/wa-gateway/qr_handlers.go:37.20,40.3 2 0
core_project/services/wa-gateway/qr_handlers.go:42.2,43.28 2 0
core_project/services/wa-gateway/qr_handlers.go:43.28,46.3 2 0
core_project/services/wa-gateway/qr_handlers.go:49.2,49.54 1 0
core_project/services/wa-gateway/qr_handlers.go:49.54,52.3 2 0
core_project/services/wa-gateway/qr_handlers.go:54.2,55.41 2 0
core_project/services/wa-gateway/qr_handlers.go:55.41,59.3 3 0
core_project/services/wa-gateway/qr_handlers.go:61.2,61.46 1 0
core_project/services/wa-gateway/qr_handlers.go:64.97,65.41 1 0
core_project/services/wa-gateway/qr_handlers.go:65.41,69.3 3 0
core_project/services/wa-gateway/qr_handlers.go:72.2,72.35 1 0
core_project/services/wa-gateway/qr_handlers.go:72.35,74.3 1 0
core_project/services/wa-gateway/qr_handlers.go:74.8,74.44 1 0
core_project/services/wa-gateway/qr_handlers.go:74.44,76.3 1 0
core_project/services/wa-gateway/qr_handlers.go:78.2,79.16 2 0
core_project/services/wa-gateway/qr_handlers.go:79.16,83.3 3 0
core_project/services/wa-gateway/qr_handlers.go:85.2,91.4 2 0
core_project/services/wa-gateway/qr_handlers.go:94.46,95.66 1 0
core_project/services/wa-gateway/qr_handlers.go:95.66,97.3 1 0
core_project/services/wa-gateway/qr_handlers.go:98.2,98.39 1 0
core_project/services/wa-gateway/qr_handlers.go:101.127,102.26 1 0
core_project/services/wa-gateway/qr_handlers.go:102.26,103.26 1 0
core_project/services/wa-gateway/qr_handlers.go:103.26,106.4 2 0
core_project/services/wa-gateway/qr_handlers.go:108.2,108.102 1 0
core_project/services/wa-gateway/qr_handlers.go:111.91,113.16 2 0
core_project/services/wa-gateway/qr_handlers.go:113.16,116.3 2 0
core_project/services/wa-gateway/qr_handlers.go:117.2,125.39 3 0
core_project/services/wa-gateway/qr_handlers.go:128.66,130.28 2 0
core_project/services/wa-gateway/qr_handlers.go:130.28,136.3 5 0
core_project/services/wa-gateway/qr_handlers.go:139.90,143.38 4 0
core_project/services/wa-gateway/qr_handlers.go:143.38,147.3 3 0
core_project/services/wa-gateway/qr_handlers.go:149.2,149.13 1 0
core_project/services/wa-gateway/qr_handlers.go:149.13,153.40 4 0
core_project/services/wa-gateway/qr_handlers.go:153.40,153.71 1 0
core_project/services/wa-gateway/qr_handlers.go:154.3,154.31 1 0
core_project/services/wa-gateway/qr_handlers.go:156.2,156.15 1 0
core_project/services/wa-gateway/qr_handlers.go:159.64,161.2 1 0
core_project/services/wa-gateway/qr_handlers.go:163.61,167.2 3 0
core_project/services/wa-gateway/registration_handler.go:26.67,27.15 1 0
core_project/services/wa-gateway/registration_handler.go:27.15,29.126 2 0
core_project/services/wa-gateway/registration_handler.go:29.126,31.4 1 0
core_project/services/wa-gateway/registration_handler.go:32.3,32.13 1 0
core_project/services/wa-gateway/registration_handler.go:32.13,35.4 2 0
core_project/services/wa-gateway/registration_handler.go:38.2,38.24 1 0
core_project/services/wa-gateway/registration_handler.go:38.24,41.65 3 0
core_project/services/wa-gateway/registration_handler.go:41.65,44.4 2 0
core_project/services/wa-gateway/registration_handler.go:47.2,54.198 2 0
core_project/services/wa-gateway/registration_handler.go:57.99,62.2 4 1
core_project/services/wa-gateway/registration_handler.go:64.101,68.9 4 1
core_project/services/wa-gateway/registration_handler.go:68.9,71.3 2 1
core_project/services/wa-gateway/registration_handler.go:72.2,75.13 4 1
core_project/services/wa-gateway/registration_handler.go:78.95,79.124 1 1
core_project/services/wa-gateway/registration_handler.go:79.124,82.3 2 1
core_project/services/wa-gateway/registration_handler.go:83.2,83.15 1 0
core_project/services/wa-gateway/registration_handler.go:83.15,85.118 2 0
core_project/services/wa-gateway/registration_handler.go:85.118,87.4 1 0
core_project/services/wa-gateway/registration_handler.go:88.3,88.13 1 0
core_project/services/wa-gateway/registration_handler.go:88.13,91.4 2 0
core_project/services/wa-gateway/registration_handler.go:93.2,96.13 4 0
core_project/services/wa-gateway/registration_handler.go:99.95,100.22 1 1
core_project/services/wa-gateway/registration_handler.go:100.22,103.3 2 1
core_project/services/wa-gateway/registration_handler.go:104.2,107.13 4 0
core_project/services/wa-gateway/registration_handler.go:110.115,111.23 1 1
core_project/services/wa-gateway/registration_handler.go:111.23,112.61 1 1
core_project/services/wa-gateway/registration_handler.go:112.61,115.4 2 1
core_project/services/wa-gateway/registration_handler.go:115.9,117.4 1 0
core_project/services/wa-gateway/registration_handler.go:118.3,118.14 1 1
core_project/services/wa-gateway/registration_handler.go:120.2,122.13 3 1
core_project/services/wa-gateway/registration_handler.go:125.112,126.22 1 1
core_project/services/wa-gateway/registration_handler.go:127.9,128.60 1 1
core_project/services/wa-gateway/registration_handler.go:129.9,130.62 1 1
core_project/services/wa-gateway/registration_handler.go:131.9,132.56 1 1
core_project/services/wa-gateway/registration_handler.go:133.9,134.56 1 1
core_project/services/wa-gateway/registration_handler.go:135.9,136.76 1 1
core_project/services/wa-gateway/registration_handler.go:138.2,138.14 1 0
core_project/services/wa-gateway/registration_handler.go:141.76,155.31 5 1
core_project/services/wa-gateway/registration_handler.go:155.31,158.3 2 1
core_project/services/wa-gateway/registration_handler.go:159.2,164.53 4 0
core_project/services/wa-gateway/registration_handler.go:164.53,166.3 1 0
core_project/services/wa-gateway/registration_handler.go:166.8,168.46 2 0
core_project/services/wa-gateway/registration_handler.go:168.46,170.4 1 0
core_project/services/wa-gateway/registration_handler.go:171.3,171.99 1 0
core_project/services/wa-gateway/registration_handler.go:174.2,174.51 1 0
core_project/services/wa-gateway/registration_handler.go:177.58,178.20 1 0
core_project/services/wa-gateway/registration_handler.go:178.20,181.3 2 0
core_project/services/wa-gateway/registration_handler.go:183.2,191.31 5 0
core_project/services/wa-gateway/registration_handler.go:191.31,194.3 2 0
core_project/services/wa-gateway/registration_handler.go:195.2,200.53 4 0
core_project/services/wa-gateway/registration_handler.go:200.53,202.3 1 0
core_project/services/wa-gateway/registration_handler.go:202.8,204.46 2 0
core_project/services/wa-gateway/registration_handler.go:204.46,206.4 1 0
core_project/services/wa-gateway/registration_handler.go:207.3,207.49 1 0
core_project/services/wa-gateway/routes.go:10.68,26.73 10 0
core_project/services/wa-gateway/routes.go:26.73,28.3 1 0
core_project/services/wa-gateway/routes.go:29.2,29.52 1 0
core_project/services/wa-gateway/send_handlers.go:19.25,21.2 1 0
core_project/services/wa-gateway/send_handlers.go:23.64,24.33 1 0
core_project/services/wa-gateway/send_handlers.go:24.33,27.3 2 0
core_project/services/wa-gateway/send_handlers.go:29.2,35.73 6 0
core_project/services/wa-gateway/send_handlers.go:35.73,38.3 2 0
core_project/services/wa-gateway/send_handlers.go:40.2,45.71 3 0
core_project/services/wa-gateway/send_handlers.go:45.71,47.3 1 0
core_project/services/wa-gateway/send_handlers.go:49.2,49.34 1 0
core_project/services/wa-gateway/send_handlers.go:49.34,54.3 4 0
core_project/services/wa-gateway/send_handlers.go:56.2,56.38 1 0
core_project/services/wa-gateway/send_handlers.go:56.38,58.3 1 0
core_project/services/wa-gateway/send_handlers.go:59.2,62.19 3 0
core_project/services/wa-gateway/send_handlers.go:62.19,65.3 2 0
core_project/services/wa-gateway/send_handlers.go:67.2,67.44 1 0
core_project/services/wa-gateway/send_handlers.go:67.44,69.3 1 0
core_project/services/wa-gateway/send_handlers.go:71.2,72.16 2 0
core_project/services/wa-gateway/send_handlers.go:72.16,75.3 2 0
core_project/services/wa-gateway/send_handlers.go:77.2,78.16 2 0
core_project/services/wa-gateway/send_handlers.go:78.16,81.3 2 0
core_project/services/wa-gateway/send_handlers.go:83.2,84.16 2 0
core_project/services/wa-gateway/send_handlers.go:84.16,89.3 4 0
core_project/services/wa-gateway/send_handlers.go:91.2,94.64 4 0
core_project/services/wa-gateway/send_handlers.go:97.70,99.15 2 0
core_project/services/wa-gateway/send_handlers.go:99.15,102.3 2 0
core_project/services/wa-gateway/send_handlers.go:103.2,103.13 1 0
core_project/services/wa-gateway/send_handlers.go:106.53,110.30 4 1
core_project/services/wa-gateway/send_handlers.go:110.30,112.3 1 1
core_project/services/wa-gateway/send_handlers.go:113.2,113.15 1 0
core_project/services/wa-gateway/send_handlers.go:116.94,117.26 1 0
core_project/services/wa-gateway/send_handlers.go:117.26,119.3 1 0
core_project/services/wa-gateway/send_handlers.go:120.2,120.32 1 0
core_project/services/wa-gateway/send_handlers.go:120.32,123.3 2 0
core_project/services/wa-gateway/send_handlers.go:124.2,125.41 2 0
core_project/services/wa-gateway/send_handlers.go:125.41,128.3 2 0
core_project/services/wa-gateway/send_handlers.go:129.2,129.13 1 0
core_project/services/wa-gateway/send_handlers.go:132.65,136.2 3 0
core_project/services/wa-gateway/send_handlers.go:138.123,140.15 1 0
core_project/services/wa-gateway/send_handlers.go:140.15,142.3 1 0
core_project/services/wa-gateway/send_handlers.go:145.2,148.21 3 0
core_project/services/wa-gateway/send_handlers.go:148.21,150.3 1 0
core_project/services/wa-gateway/send_handlers.go:152.2,153.19 2 0
core_project/services/wa-gateway/send_handlers.go:153.19,155.3 1 0
core_project/services/wa-gateway/send_handlers.go:156.2,157.16 2 0
core_project/services/wa-gateway/send_handlers.go:157.16,166.3 4 0
core_project/services/wa-gateway/send_handlers.go:169.2,169.25 1 0
core_project/services/wa-gateway/send_handlers.go:169.25,174.3 3 0
core_project/services/wa-gateway/send_handlers.go:177.2,179.14 3 0
core_project/services/wa-gateway/send_handlers.go:182.124,183.20 1 0
core_project/services/wa-gateway/send_handlers.go:183.20,187.3 1 0
core_project/services/wa-gateway/send_handlers.go:190.2,191.84 2 0
core_project/services/wa-gateway/send_handlers.go:191.84,193.3 1 0
core_project/services/wa-gateway/send_handlers.go:195.2,196.16 2 0
core_project/services/wa-gateway/send_handlers.go:196.16,199.3 2 0
core_project/services/wa-gateway/send_handlers.go:200.2,202.16 3 0
core_project/services/wa-gateway/send_handlers.go:202.16,205.3 2 0
core_project/services/wa-gateway/send_handlers.go:206.2,207.20 2 0
core_project/services/wa-gateway/send_handlers.go:207.20,209.3 1 0
core_project/services/wa-gateway/send_handlers.go:210.2,210.21 1 0
core_project/services/wa-gateway/send_handlers.go:210.21,212.3 1 0
core_project/services/wa-gateway/send_handlers.go:214.2,215.16 2 0
core_project/services/wa-gateway/send_handlers.go:215.16,218.3 2 0
core_project/services/wa-gateway/send_handlers.go:220.2,233.8 1 0
core_project/services/wa-gateway/session_manager.go:13.44,14.41 1 1
core_project/services/wa-gateway/session_manager.go:14.41,17.3 2 1
core_project/services/wa-gateway/session_manager.go:19.2,21.32 3 0
core_project/services/wa-gateway/session_manager.go:21.32,24.3 2 0
core_project/services/wa-gateway/session_manager.go:26.2,27.59 2 0
core_project/services/wa-gateway/session_manager.go:27.59,30.3 2 0
core_project/services/wa-gateway/session_manager.go:32.2,34.19 3 0
core_project/services/wa-gateway/session_manager.go:34.19,38.3 3 0
core_project/services/wa-gateway/session_manager.go:40.2,41.47 2 0
core_project/services/wa-gateway/session_manager.go:41.47,41.78 1 0
core_project/services/wa-gateway/session_manager.go:42.2,42.41 1 0
core_project/services/wa-gateway/session_manager.go:42.41,47.3 4 0
core_project/services/wa-gateway/session_manager.go:47.8,50.3 2 0
core_project/services/wa-gateway/session_manager.go:53.44,59.48 6 1
core_project/services/wa-gateway/session_manager.go:59.48,60.191 1 0
core_project/services/wa-gateway/session_manager.go:60.191,62.4 1 0
core_project/services/wa-gateway/session_manager.go:66.47,69.2 2 1
core_project/services/wa-gateway/session_manager.go:71.44,77.15 6 1
core_project/services/wa-gateway/session_manager.go:77.15,79.3 1 0
core_project/services/wa-gateway/session_manager.go:80.2,81.35 2 1
core_project/services/wa-gateway/session_manager.go:84.56,85.55 1 1
core_project/services/wa-gateway/session_manager.go:85.55,87.3 1 1
core_project/services/wa-gateway/session_manager.go:88.2,89.36 2 0
core_project/services/wa-gateway/session_manager.go:89.36,91.3 1 0
core_project/services/wa-gateway/session_manager.go:92.2,93.33 1 0
core_project/services/wa-gateway/session_manager.go:93.33,95.3 1 0
core_project/services/wa-gateway/session_manager.go:98.35,99.17 1 1
core_project/services/wa-gateway/session_manager.go:99.17,101.3 1 1
core_project/services/wa-gateway/session_manager.go:102.2,102.22 1 1
core_project/services/wa-gateway/session_manager.go:102.22,103.25 1 1
core_project/services/wa-gateway/session_manager.go:103.25,105.4 1 1
core_project/services/wa-gateway/session_manager.go:107.2,107.13 1 1
core_project/services/wa-gateway/status_handlers.go:12.27,14.2 1 0
core_project/services/wa-gateway/status_handlers.go:16.66,20.66 3 0
core_project/services/wa-gateway/status_handlers.go:20.66,24.3 3 0
core_project/services/wa-gateway/status_handlers.go:26.2,26.77 1 0
core_project/services/wa-gateway/status_handlers.go:26.77,29.3 2 0
core_project/services/wa-gateway/status_handlers.go:31.2,31.53 1 0
core_project/services/wa-gateway/status_handlers.go:31.53,34.3 2 0
core_project/services/wa-gateway/status_handlers.go:36.2,36.44 1 0
core_project/services/wa-gateway/status_handlers.go:39.62,40.24 1 0
core_project/services/wa-gateway/status_handlers.go:40.24,42.3 1 0
core_project/services/wa-gateway/status_handlers.go:43.2,45.54 3 0
core_project/services/wa-gateway/status_handlers.go:45.54,47.3 1 0
core_project/services/wa-gateway/status_handlers.go:48.2,48.20 1 0
core_project/services/wa-gateway/status_handlers.go:51.67,56.2 4 0
core_project/services/wa-gateway/status_handlers.go:58.50,59.15 1 0
core_project/services/wa-gateway/status_handlers.go:59.15,61.3 1 0
core_project/services/wa-gateway/status_handlers.go:62.2,64.29 3 0
core_project/services/wa-gateway/status_handlers.go:64.29,66.3 1 0
core_project/services/wa-gateway/status_handlers.go:67.2,67.12 1 0
core_project/services/wa-gateway/status_handlers.go:70.73,73.15 3 0
core_project/services/wa-gateway/status_handlers.go:73.15,75.3 1 0
core_project/services/wa-gateway/status_handlers.go:76.2,76.17 1 0
core_project/services/wa-gateway/status_handlers.go:76.17,78.3 1 0
core_project/services/wa-gateway/status_handlers.go:79.2,79.15 1 0
core_project/services/wa-gateway/status_handlers.go:79.15,81.3 1 0
core_project/services/wa-gateway/status_handlers.go:82.2,82.37 1 0
